Log file open, 03/20/15 20:51:03
LogInit:Display: Running engine for game: UE4_Pong
LogInit: Version: 4.7.2-2467323+++depot+UE4-Releases+4.7
LogInit: API Version: 2455222
LogInit: Compiled (64-bit): Mar  2 2015 23:16:34
LogInit: Compiled with Visual C++: 18.00.21005.01
LogInit: Build Configuration: Development
LogInit: Branch Name: ++depot+UE4-Releases+4.7
LogInit: Command line:  /Temp/Autosaves/Game/Levels/UEDPCMenu -game -PIEVIACONSOLE -ResX=1280 -ResY=720  -Multiprocess 
LogInit: Base directory: C:/Program Files/Epic Games/4.7/Engine/Binaries/Win64/
LogInit: Rocket: 1
[2015.03.21-00.51.03:613][  0]LogTaskGraph: Started task graph with 3 named threads and 7 total threads.
[2015.03.21-00.51.03:678][  0]LogOnline:Warning: No default platform service specified for OnlineSubsystem
[2015.03.21-00.51.03:694][  0]LogInit: Presizing for 0 objects not considered by GC, pre-allocating 0 bytes.
[2015.03.21-00.51.03:705][  0]LogInit: Object subsystem initialized
[2015.03.21-00.51.03:706][  0]LogConsoleResponse:Warning: Skipping Unknown console variable: 'TranslucentSortAxis = (X=0.000000,Y=-1.000000,Z=0.000000)'
[2015.03.21-00.51.03:706][  0]LogConsoleResponse:Warning:   Found in ini file 'C:/Users/Alexander/Documents/Unreal Projects/UE4_Pong/Saved/Config/Windows/Engine.ini', in section '[/Script/Engine.RendererSettings]'
[2015.03.21-00.51.03:707][  0]LogConsoleResponse:Warning: Skipping Unknown console variable: 'UIScaleRule = ShortestSide'
[2015.03.21-00.51.03:707][  0]LogConsoleResponse:Warning:   Found in ini file 'C:/Users/Alexander/Documents/Unreal Projects/UE4_Pong/Saved/Config/Windows/Engine.ini', in section '[/Script/Engine.RendererSettings]'
[2015.03.21-00.51.03:707][  0]LogConsoleResponse:Warning: Skipping Unknown console variable: 'UIScaleCurve = (EditorCurveData=(Keys=),ExternalCurve=None)'
[2015.03.21-00.51.03:707][  0]LogConsoleResponse:Warning:   Found in ini file 'C:/Users/Alexander/Documents/Unreal Projects/UE4_Pong/Saved/Config/Windows/Engine.ini', in section '[/Script/Engine.RendererSettings]'
[2015.03.21-00.51.03:707][  0]LogInit: Selected Device Profile: [Windows]
[2015.03.21-00.51.03:707][  0]LogInit: Applying CVar settings loaded from the selected device profile: [Windows]
[2015.03.21-00.51.03:711][  0]LogInit: Computer: GLADOS
[2015.03.21-00.51.03:711][  0]LogInit: User: Alexander
[2015.03.21-00.51.03:711][  0]LogInit: CPU Page size=4096, Cores=6
[2015.03.21-00.51.03:711][  0]LogInit: High frequency timer resolution =3.126894 MHz
[2015.03.21-00.51.03:711][  0]LogMemory: Memory total: Physical=16.0GB (16GB approx) Virtual=8192.0GB
[2015.03.21-00.51.03:711][  0]LogMemory: Platform Memory Stats for Windows
[2015.03.21-00.51.03:711][  0]LogMemory: Process Physical Memory: 48.72 MB used, 48.72 MB peak
[2015.03.21-00.51.03:711][  0]LogMemory: Process Virtual Memory: 25.30 MB used, 25.30 MB peak
[2015.03.21-00.51.03:711][  0]LogMemory: Physical Memory: 5061.35 MB used, 16360.34 MB total
[2015.03.21-00.51.03:711][  0]LogMemory: Virtual Memory: 279.21 MB used, 8388608.00 MB total
[2015.03.21-00.51.03:740][  0]LogD3D11RHI: Found D3D11 adapter 0: AMD Radeon HD 7900 Series (Feature Level 11_0)
[2015.03.21-00.51.03:740][  0]LogD3D11RHI: Adapter has 3051MB of dedicated video memory, 0MB of dedicated system memory, and 3840MB of shared system memory, 3 output[s]
[2015.03.21-00.51.03:740][  0]LogD3D11RHI: Chosen D3D11 Adapter Id = 0
[2015.03.21-00.51.03:749][  0]LogRHI: Texture pool is 1361 MB (70% of 1945 MB)
[2015.03.21-00.51.03:753][  0]LogD3D11RHI: Async texture creation disabled: no driver support
[2015.03.21-00.51.03:801][  0]LogTextLocalizationManager: The requested culture ('en_US') has no localization data; parent culture's ('en') localization data will be used.
[2015.03.21-00.51.03:944][  0]LogContentStreaming: Texture pool size is 1000.000000MB
[2015.03.21-00.51.06:282][  0]LogTargetPlatformManager:Display: Building Assets For Windows
[2015.03.21-00.51.06:800][  0]LogTargetPlatformManager:Display: Building Assets For Windows
[2015.03.21-00.51.06:862][  0]LogDerivedDataCache:Display: Max Cache Size: 512 MB
[2015.03.21-00.51.06:897][  0]LogDerivedDataCache: Loaded boot cache 0.03s 39MB C:/Users/Alexander/AppData/Local/UnrealEngine/4.7/DerivedDataCache/Boot.ddc.
[2015.03.21-00.51.06:897][  0]LogDerivedDataCache:Display: Loaded Boot cache: C:/Users/Alexander/AppData/Local/UnrealEngine/4.7/DerivedDataCache/Boot.ddc
[2015.03.21-00.51.06:897][  0]LogDerivedDataCache: FDerivedDataBackendGraph:  Pak pak cache file ../../../../../../Users/Alexander/Documents/Unreal Projects/UE4_Pong/DerivedDataCache/DDC.ddp not found, will not use a pak cache.
[2015.03.21-00.51.06:897][  0]LogDerivedDataCache: Unable to find inner node Pak for hierarchical cache Hierarchy.
[2015.03.21-00.51.07:023][  0]LogDerivedDataCache:Display: Pak cache opened for reading ../../../Engine/DerivedDataCache/Compressed.ddp.
[2015.03.21-00.51.07:035][  0]LogDerivedDataCache: Using Local data cache path C:/Users/Alexander/AppData/Local/UnrealEngine/Common/DerivedDataCache: Writable
[2015.03.21-00.51.07:321][  0]LogMeshUtilities: No automatic mesh reduction module available
[2015.03.21-00.51.07:321][  0]LogMeshUtilities: No automatic mesh merging module available
[2015.03.21-00.51.07:635][  0]LogInit: WinSock: version 1.1 (2.2), MaxSocks=32767, MaxUdp=65467
[2015.03.21-00.51.08:033][  0]LogWindowsMoviePlayer: Unable to load movie: ../../../../../../Users/Alexander/Documents/Unreal Projects/UE4_Pong/Content/Movies/Default_Startup.mp4
[2015.03.21-00.51.08:155][  0]LogSourceControl: RunCommandInternalRaw: 'git version'
[2015.03.21-00.51.08:155][  0]LogSourceControl: RunCommandInternalRaw: ExecProcess ReturnCode=2 OutResults=''
[2015.03.21-00.51.08:184][  0]SourceControl: Info Source control is disabled
[2015.03.21-00.51.08:184][  0]SourceControl: Info Source control is disabled
[2015.03.21-00.51.08:184][  0]SourceControl: Info Source control is disabled
[2015.03.21-00.51.08:193][  0]SourceControl: Info Source control is disabled
[2015.03.21-00.51.08:283][  0]LogObj: 23970 objects as part of root set at end of initial load.
[2015.03.21-00.51.08:283][  0]LogUObjectAllocator: 4988200 out of 0 bytes used by permanent object pool.
[2015.03.21-00.51.08:358][  0]LogAutomationTest:Warning: ERR: Transient text cannot be serialized "Testing Transient serialization detection".
[2015.03.21-00.51.08:359][  0]LogEngine: Initializing Engine...
[2015.03.21-00.51.10:491][  0]LogInit: XAudio2 using '1 - VOJ320F1A (AMD High Definition Audio Device)' : 2 channels at 48 kHz using 16 bits per sample (channel mask 0x3)
[2015.03.21-00.51.10:498][  0]LogInit: FAudioDevice initialized.
[2015.03.21-00.51.10:503][  0]LogInit: Texture streaming: Enabled
[2015.03.21-00.51.10:578][  0]LogAnalytics: Creating configured Analytics provider AnalyticsET
[2015.03.21-00.51.10:578][  0]LogAnalytics: ET APIKey = Rocket.Release. APIServer = http://et2.epicgames.com/ET2/. AppVersion = 4.7.2-2467323+++depot+UE4-Releases+4.7
[2015.03.21-00.51.10:578][  0]LogAnalytics: ET APIKey = Rocket.Release. DataRouterUploadURL = https://datarouter-public-service-gamedev.ol.epicgames.net/datarouter/api/v1/public/data. AppVersion = 4.7.2-2467323+++depot+UE4-Releases+4.7
[2015.03.21-00.51.10:579][  0]LogAnalytics: SetUserId d58e0af14f4c135d15ed469fab61ed5f|c140cb3391224fcfa28c86a7f1edbc94|17c0cadc-0523-45c5-b3a0-ab05ee3397ae
[2015.03.21-00.51.10:579][  0]LogAnalytics: AnalyticsET::StartSession [Rocket.Release]
[2015.03.21-00.51.10:606][  0]LogNet: Browse: /Temp/Autosaves/Game/Levels/UEDPCMenu?Name=Player
[2015.03.21-00.51.10:606][  0]LogLoad: LoadMap: /Temp/Autosaves/Game/Levels/UEDPCMenu?Name=Player
[2015.03.21-00.51.10:614][  0]LogMemory: Platform Memory Stats for Windows
[2015.03.21-00.51.10:614][  0]LogMemory: Process Physical Memory: 280.04 MB used, 281.77 MB peak
[2015.03.21-00.51.10:614][  0]LogMemory: Process Virtual Memory: 243.63 MB used, 245.40 MB peak
[2015.03.21-00.51.10:614][  0]LogMemory: Physical Memory: 5301.43 MB used, 16360.34 MB total
[2015.03.21-00.51.10:614][  0]LogMemory: Virtual Memory: 664.44 MB used, 8388608.00 MB total
[2015.03.21-00.51.10:614][  0]LogMemory: 
[2015.03.21-00.51.10:614][  0]Allocator Stats for TBB: (not implemented)
[2015.03.21-00.51.11:185][  0]LogWorld: Game class is 'BP_PongGamemode_C'
[2015.03.21-00.51.11:223][  0]LogAIModule: Creating AISystem for world Menu
[2015.03.21-00.51.11:225][  0]LogWorld: Bringing World /Temp/Autosaves/Game/Levels/UEDPCMenu.Menu up for play (max tick rate 0) at 2015.03.20-20.51.11
[2015.03.21-00.51.11:225][  0]LogWorld: Bringing up level for play took: 0.002275
[2015.03.21-00.51.11:228][  0]LogInit:Display: Game Engine Initialized.
[2015.03.21-00.51.11:451][  0]LogLoad: Full Startup: 8.69 seconds (BP compile: 0.21 seconds)
[2015.03.21-00.51.11:620][  1]LogRenderer:Warning: Reallocating scene render targets to support 1280x720 (Frame:2).
[2015.03.21-00.51.16:845][316]LogPackageName: SearchForPackageOnDisk took   0.063s to resolve P1_Main.umap
[2015.03.21-00.51.16:905][316]LogPackageName: SearchForPackageOnDisk took   0.060s to resolve P1_Main.umap
[2015.03.21-00.51.16:905][316]LogNet: Browse: /Game/Levels/P1_Main
[2015.03.21-00.51.16:905][316]LogLoad: LoadMap: /Game/Levels/P1_Main
[2015.03.21-00.51.16:920][316]LogParticles: Destroying 0 GPU particle simulations for FXSystem 0x000000000DB6FE20
[2015.03.21-00.51.16:933][316]LogMemory: Platform Memory Stats for Windows
[2015.03.21-00.51.16:933][316]LogMemory: Process Physical Memory: 304.47 MB used, 310.24 MB peak
[2015.03.21-00.51.16:933][316]LogMemory: Process Virtual Memory: 254.05 MB used, 263.30 MB peak
[2015.03.21-00.51.16:933][316]LogMemory: Physical Memory: 5395.98 MB used, 16360.34 MB total
[2015.03.21-00.51.16:933][316]LogMemory: Virtual Memory: 708.60 MB used, 8388608.00 MB total
[2015.03.21-00.51.16:933][316]LogMemory: 
[2015.03.21-00.51.16:933][316]Allocator Stats for TBB: (not implemented)
[2015.03.21-00.51.17:403][316]LogWorld: Game class is 'BP_PongGamemode_C'
[2015.03.21-00.51.17:405][316]LogAIModule: Creating AISystem for world P1_Main
[2015.03.21-00.51.17:407][316]LogWorld: Bringing World /Game/Levels/P1_Main.P1_Main up for play (max tick rate 0) at 2015.03.20-20.51.17
[2015.03.21-00.51.17:407][316]LogWorld: Bringing up level for play took: 0.001856
[2015.03.21-00.51.22:271][616]Closing by request
[2015.03.21-00.51.22:271][616]LogWindows: FPlatformMisc::RequestExit(0)
[2015.03.21-00.51.22:313][617]LogExit: Preparing to exit.
[2015.03.21-00.51.22:388][617]LogExit: Game engine shut down
[2015.03.21-00.51.22:426][617]LogParticles: Destroying 0 GPU particle simulations for FXSystem 0x000000000F3CC900
[2015.03.21-00.51.22:426][617]LogExit: Object subsystem successfully closed.
[2015.03.21-00.51.22:457][617]LogModuleManager: Shutting down and abandoning module AndroidDeviceDetection (106)
[2015.03.21-00.51.22:466][617]LogModuleManager: Shutting down and abandoning module AutomationWorker (105)
[2015.03.21-00.51.22:466][617]LogModuleManager: Shutting down and abandoning module CharacterAI (104)
[2015.03.21-00.51.22:466][617]LogModuleManager: Shutting down and abandoning module AITestSuite (103)
[2015.03.21-00.51.22:466][617]LogModuleManager: Shutting down and abandoning module GameplayDebugger (102)
[2015.03.21-00.51.22:466][617]LogModuleManager: Shutting down and abandoning module AIModule (101)
[2015.03.21-00.51.22:466][617]LogModuleManager: Shutting down and abandoning module GameLiveStreaming (100)
[2015.03.21-00.51.22:466][617]LogModuleManager: Shutting down and abandoning module StreamingPauseRendering (99)
[2015.03.21-00.51.22:466][617]LogModuleManager: Shutting down and abandoning module HTTP (98)
[2015.03.21-00.51.22:466][617]LogModuleManager: Shutting down and abandoning module AnalyticsET (97)
[2015.03.21-00.51.22:466][617]LogModuleManager: Shutting down and abandoning module Analytics (96)
[2015.03.21-00.51.22:466][617]LogModuleManager: Shutting down and abandoning module ProfilerService (95)
[2015.03.21-00.51.22:561][617]LogModuleManager: Shutting down and abandoning module TaskGraph (94)
[2015.03.21-00.51.22:561][617]LogModuleManager: Shutting down and abandoning module SlateRemote (93)
[2015.03.21-00.51.22:561][617]LogModuleManager: Shutting down and abandoning module CustomMeshComponent (92)
[2015.03.21-00.51.22:561][617]LogModuleManager: Shutting down and abandoning module CableComponent (91)
[2015.03.21-00.51.22:561][617]LogModuleManager: Shutting down and abandoning module DesktopPlatform (90)
[2015.03.21-00.51.22:561][617]LogModuleManager: Shutting down and abandoning module DirectoryWatcher (89)
[2015.03.21-00.51.22:561][617]LogModuleManager: Shutting down and abandoning module HotReload (88)
[2015.03.21-00.51.22:561][617]LogModuleManager: Shutting down and abandoning module VisualStudioSourceCodeAccess (87)
[2015.03.21-00.51.22:561][617]LogModuleManager: Shutting down and abandoning module UObjectPlugin (86)
[2015.03.21-00.51.22:561][617]LogModuleManager: Shutting down and abandoning module SubversionSourceControl (85)
[2015.03.21-00.51.22:561][617]LogModuleManager: Shutting down and abandoning module GitSourceControl (84)
[2015.03.21-00.51.22:561][617]LogModuleManager: Shutting down and abandoning module SourceControl (83)
[2015.03.21-00.51.22:561][617]LogModuleManager: Shutting down and abandoning module PerforceSourceControl (82)
[2015.03.21-00.51.22:561][617]LogModuleManager: Shutting down and abandoning module BlankPlugin (81)
[2015.03.21-00.51.22:561][617]LogModuleManager: Shutting down and abandoning module ScriptPlugin (80)
[2015.03.21-00.51.22:561][617]LogModuleManager: Shutting down and abandoning module UdpMessaging (79)
[2015.03.21-00.51.22:561][617]LogModuleManager: Shutting down and abandoning module Paper2D (78)
[2015.03.21-00.51.22:561][617]LogModuleManager: Shutting down and abandoning module WindowsMoviePlayer (77)
[2015.03.21-00.51.22:563][617]LogModuleManager: Shutting down and abandoning module Media (76)
[2015.03.21-00.51.22:563][617]LogModuleManager: Shutting down and abandoning module WmfMedia (75)
[2015.03.21-00.51.22:563][617]LogModuleManager: Shutting down and abandoning module OnlineBlueprintSupport (74)
[2015.03.21-00.51.22:563][617]LogModuleManager: Shutting down and abandoning module PropertyEditor (73)
[2015.03.21-00.51.22:563][617]LogModuleManager: Shutting down and abandoning module BehaviorTreeEditor (72)
[2015.03.21-00.51.22:563][617]LogModuleManager: Shutting down and abandoning module FunctionalTesting (71)
[2015.03.21-00.51.22:563][617]LogModuleManager: Shutting down and abandoning module CollisionAnalyzer (70)
[2015.03.21-00.51.22:563][617]LogModuleManager: Shutting down and abandoning module WorkspaceMenuStructure (69)
[2015.03.21-00.51.22:563][617]LogModuleManager: Shutting down and abandoning module MessageLog (68)
[2015.03.21-00.51.22:563][617]LogModuleManager: Shutting down and abandoning module Sequencer (67)
[2015.03.21-00.51.22:563][617]LogModuleManager: Shutting down and abandoning module AssetTools (66)
[2015.03.21-00.51.22:563][617]LogModuleManager: Shutting down and abandoning module UMGEditor (65)
[2015.03.21-00.51.22:563][617]LogModuleManager: Shutting down and abandoning module UMG (64)
[2015.03.21-00.51.22:563][617]LogModuleManager: Shutting down and abandoning module Slate (63)
[2015.03.21-00.51.22:563][617]LogModuleManager: Shutting down and abandoning module EditorStyle (62)
[2015.03.21-00.51.22:566][617]LogModuleManager: Shutting down and abandoning module SessionServices (61)
[2015.03.21-00.51.22:566][617]LogModuleManager: Shutting down and abandoning module SourceCodeAccess (60)
[2015.03.21-00.51.22:566][617]LogModuleManager: Shutting down and abandoning module HeadMountedDisplay (59)
[2015.03.21-00.51.22:566][617]LogModuleManager: Shutting down and abandoning module XAudio2 (58)
[2015.03.21-00.51.22:566][617]LogModuleManager: Shutting down and abandoning module Networking (56)
[2015.03.21-00.51.22:566][617]LogModuleManager: Shutting down and abandoning module Core (55)
[2015.03.21-00.51.22:566][617]LogModuleManager: Shutting down and abandoning module KismetCompiler (54)
[2015.03.21-00.51.22:566][617]LogModuleManager: Shutting down and abandoning module PhysXFormats (53)
[2015.03.21-00.51.22:566][617]LogModuleManager: Shutting down and abandoning module MeshUtilities (52)
[2015.03.21-00.51.22:566][617]LogModuleManager: Shutting down and abandoning module DerivedDataCache (51)
[2015.03.21-00.51.23:026][617]LogDerivedDataCache: Shutdown
[2015.03.21-00.51.23:026][617]LogModuleManager: Shutting down and abandoning module ShaderFormatOpenGL (50)
[2015.03.21-00.51.23:026][617]LogModuleManager: Shutting down and abandoning module ShaderFormatD3D (49)
[2015.03.21-00.51.23:026][617]LogModuleManager: Shutting down and abandoning module MetalShaderFormat (48)
[2015.03.21-00.51.23:026][617]LogModuleManager: Shutting down and abandoning module TextureFormatUncompressed (47)
[2015.03.21-00.51.23:026][617]LogModuleManager: Shutting down and abandoning module TextureFormatPVR (46)
[2015.03.21-00.51.23:026][617]LogModuleManager: Shutting down and abandoning module TextureFormatIntelISPCTexComp (45)
[2015.03.21-00.51.23:026][617]LogModuleManager: Shutting down and abandoning module TextureFormatDXT (44)
[2015.03.21-00.51.23:026][617]LogModuleManager: Shutting down and abandoning module ImageWrapper (43)
[2015.03.21-00.51.23:026][617]LogModuleManager: Shutting down and abandoning module TextureFormatASTC (42)
[2015.03.21-00.51.23:026][617]LogModuleManager: Shutting down and abandoning module TextureFormatAndroid (41)
[2015.03.21-00.51.23:026][617]LogModuleManager: Shutting down and abandoning module AudioFormatOpus (40)
[2015.03.21-00.51.23:026][617]LogModuleManager: Shutting down and abandoning module AudioFormatOgg (39)
[2015.03.21-00.51.23:026][617]LogModuleManager: Shutting down and abandoning module AudioFormatADPCM (38)
[2015.03.21-00.51.23:026][617]LogModuleManager: Shutting down and abandoning module LinuxTargetPlatform (37)
[2015.03.21-00.51.23:026][617]LogModuleManager: Shutting down and abandoning module LinuxServerTargetPlatform (36)
[2015.03.21-00.51.23:026][617]LogModuleManager: Shutting down and abandoning module LinuxNoEditorTargetPlatform (35)
[2015.03.21-00.51.23:026][617]LogModuleManager: Shutting down and abandoning module Messaging (34)
[2015.03.21-00.51.23:026][617]LogModuleManager: Shutting down and abandoning module IOSTargetPlatform (33)
[2015.03.21-00.51.23:026][617]LogModuleManager: Shutting down and abandoning module HTML5TargetPlatform (32)
[2015.03.21-00.51.23:026][617]LogModuleManager: Shutting down and abandoning module Android_PVRTCTargetPlatform (31)
[2015.03.21-00.51.23:026][617]LogModuleManager: Shutting down and abandoning module Android_ETC2TargetPlatform (30)
[2015.03.21-00.51.23:026][617]LogModuleManager: Shutting down and abandoning module Android_ETC1TargetPlatform (29)
[2015.03.21-00.51.23:026][617]LogModuleManager: Shutting down and abandoning module Android_ES31TargetPlatform (28)
[2015.03.21-00.51.23:026][617]LogModuleManager: Shutting down and abandoning module Android_DXTTargetPlatform (27)
[2015.03.21-00.51.23:026][617]LogModuleManager: Shutting down and abandoning module Android_ATCTargetPlatform (26)
[2015.03.21-00.51.23:026][617]LogModuleManager: Shutting down and abandoning module AndroidTargetPlatform (25)
[2015.03.21-00.51.23:026][617]LogModuleManager: Shutting down and abandoning module WindowsTargetPlatform (24)
[2015.03.21-00.51.23:026][617]LogModuleManager: Shutting down and abandoning module WindowsServerTargetPlatform (23)
[2015.03.21-00.51.23:026][617]LogModuleManager: Shutting down and abandoning module WindowsNoEditorTargetPlatform (22)
[2015.03.21-00.51.23:026][617]LogModuleManager: Shutting down and abandoning module WindowsClientTargetPlatform (21)
[2015.03.21-00.51.23:026][617]LogModuleManager: Shutting down and abandoning module TargetPlatform (20)
[2015.03.21-00.51.23:026][617]LogModuleManager: Shutting down and abandoning module InputCore (19)
[2015.03.21-00.51.23:026][617]LogModuleManager: Shutting down and abandoning module Settings (18)
[2015.03.21-00.51.23:026][617]LogModuleManager: Shutting down and abandoning module OnlineSubsystem (16)
[2015.03.21-00.51.23:026][617]LogModuleManager: Shutting down and abandoning module OculusRift (15)
[2015.03.21-00.51.23:026][617]LogModuleManager: Shutting down and abandoning module ExampleDeviceProfileSelector (14)
[2015.03.21-00.51.23:026][617]LogModuleManager: Shutting down and abandoning module TextureCompressor (13)
[2015.03.21-00.51.23:026][617]LogModuleManager: Shutting down and abandoning module ShaderCore (12)
[2015.03.21-00.51.23:026][617]LogModuleManager: Shutting down and abandoning module Landscape (11)
[2015.03.21-00.51.23:026][617]LogModuleManager: Shutting down and abandoning module SlateRHIRenderer (10)
[2015.03.21-00.51.23:027][617]LogModuleManager: Shutting down and abandoning module OpenGLDrv (9)
[2015.03.21-00.51.23:027][617]LogModuleManager: Shutting down and abandoning module D3D11RHI (8)
[2015.03.21-00.51.23:027][617]LogModuleManager: Shutting down and abandoning module Renderer (7)
[2015.03.21-00.51.23:027][617]LogModuleManager: Shutting down and abandoning module Engine (6)
[2015.03.21-00.51.23:027][617]LogModuleManager: Shutting down and abandoning module CoreUObject (5)
[2015.03.21-00.51.23:027][617]LogModuleManager: Shutting down and abandoning module NetworkFile (4)
[2015.03.21-00.51.23:027][617]LogModuleManager: Shutting down and abandoning module StreamingFile (3)
[2015.03.21-00.51.23:027][617]LogModuleManager: Shutting down and abandoning module SandboxFile (2)
[2015.03.21-00.51.23:027][617]LogModuleManager: Shutting down and abandoning module PakFile (1)
[2015.03.21-00.51.23:027][617]LogExit: Exiting.
[2015.03.21-00.51.23:028][617]Log file closed, 03/20/15 20:51:23
