Log file open, 03/20/15 20:52:01
LogInit:Display: Running engine for game: UE4_Pong
LogInit: Version: 4.7.2-2467323+++depot+UE4-Releases+4.7
LogInit: API Version: 2455222
LogInit: Compiled (64-bit): Mar  2 2015 23:16:34
LogInit: Compiled with Visual C++: 18.00.21005.01
LogInit: Build Configuration: Development
LogInit: Branch Name: ++depot+UE4-Releases+4.7
LogInit: Command line:  /Temp/Autosaves/Game/Levels/UEDPCP2_Main -game -PIEVIACONSOLE -ResX=1280 -ResY=720  -Multiprocess 
LogInit: Base directory: C:/Program Files/Epic Games/4.7/Engine/Binaries/Win64/
LogInit: Rocket: 1
[2015.03.21-00.52.01:059][  0]LogTaskGraph: Started task graph with 3 named threads and 7 total threads.
[2015.03.21-00.52.01:123][  0]LogOnline:Warning: No default platform service specified for OnlineSubsystem
[2015.03.21-00.52.01:138][  0]LogInit: Presizing for 0 objects not considered by GC, pre-allocating 0 bytes.
[2015.03.21-00.52.01:151][  0]LogInit: Object subsystem initialized
[2015.03.21-00.52.01:153][  0]LogConsoleResponse:Warning: Skipping Unknown console variable: 'TranslucentSortAxis = (X=0.000000,Y=-1.000000,Z=0.000000)'
[2015.03.21-00.52.01:153][  0]LogConsoleResponse:Warning:   Found in ini file 'C:/Users/Alexander/Documents/Unreal Projects/UE4_Pong/Saved/Config/Windows/Engine.ini', in section '[/Script/Engine.RendererSettings]'
[2015.03.21-00.52.01:153][  0]LogConsoleResponse:Warning: Skipping Unknown console variable: 'UIScaleRule = ShortestSide'
[2015.03.21-00.52.01:153][  0]LogConsoleResponse:Warning:   Found in ini file 'C:/Users/Alexander/Documents/Unreal Projects/UE4_Pong/Saved/Config/Windows/Engine.ini', in section '[/Script/Engine.RendererSettings]'
[2015.03.21-00.52.01:153][  0]LogConsoleResponse:Warning: Skipping Unknown console variable: 'UIScaleCurve = (EditorCurveData=(Keys=),ExternalCurve=None)'
[2015.03.21-00.52.01:153][  0]LogConsoleResponse:Warning:   Found in ini file 'C:/Users/Alexander/Documents/Unreal Projects/UE4_Pong/Saved/Config/Windows/Engine.ini', in section '[/Script/Engine.RendererSettings]'
[2015.03.21-00.52.01:154][  0]LogInit: Selected Device Profile: [Windows]
[2015.03.21-00.52.01:154][  0]LogInit: Applying CVar settings loaded from the selected device profile: [Windows]
[2015.03.21-00.52.01:157][  0]LogInit: Computer: GLADOS
[2015.03.21-00.52.01:157][  0]LogInit: User: Alexander
[2015.03.21-00.52.01:157][  0]LogInit: CPU Page size=4096, Cores=6
[2015.03.21-00.52.01:157][  0]LogInit: High frequency timer resolution =3.126894 MHz
[2015.03.21-00.52.01:158][  0]LogMemory: Memory total: Physical=16.0GB (16GB approx) Virtual=8192.0GB
[2015.03.21-00.52.01:158][  0]LogMemory: Platform Memory Stats for Windows
[2015.03.21-00.52.01:158][  0]LogMemory: Process Physical Memory: 48.70 MB used, 48.70 MB peak
[2015.03.21-00.52.01:158][  0]LogMemory: Process Virtual Memory: 25.30 MB used, 25.30 MB peak
[2015.03.21-00.52.01:158][  0]LogMemory: Physical Memory: 5102.09 MB used, 16360.34 MB total
[2015.03.21-00.52.01:158][  0]LogMemory: Virtual Memory: 279.21 MB used, 8388608.00 MB total
[2015.03.21-00.52.01:179][  0]LogD3D11RHI: Found D3D11 adapter 0: AMD Radeon HD 7900 Series (Feature Level 11_0)
[2015.03.21-00.52.01:179][  0]LogD3D11RHI: Adapter has 3051MB of dedicated video memory, 0MB of dedicated system memory, and 3840MB of shared system memory, 3 output[s]
[2015.03.21-00.52.01:179][  0]LogD3D11RHI: Chosen D3D11 Adapter Id = 0
[2015.03.21-00.52.01:184][  0]LogRHI: Texture pool is 1361 MB (70% of 1945 MB)
[2015.03.21-00.52.01:189][  0]LogD3D11RHI: Async texture creation disabled: no driver support
[2015.03.21-00.52.01:239][  0]LogTextLocalizationManager: The requested culture ('en_US') has no localization data; parent culture's ('en') localization data will be used.
[2015.03.21-00.52.01:380][  0]LogContentStreaming: Texture pool size is 1000.000000MB
[2015.03.21-00.52.03:729][  0]LogTargetPlatformManager:Display: Building Assets For Windows
[2015.03.21-00.52.04:253][  0]LogTargetPlatformManager:Display: Building Assets For Windows
[2015.03.21-00.52.04:317][  0]LogDerivedDataCache:Display: Max Cache Size: 512 MB
[2015.03.21-00.52.04:353][  0]LogDerivedDataCache: Loaded boot cache 0.04s 39MB C:/Users/Alexander/AppData/Local/UnrealEngine/4.7/DerivedDataCache/Boot.ddc.
[2015.03.21-00.52.04:353][  0]LogDerivedDataCache:Display: Loaded Boot cache: C:/Users/Alexander/AppData/Local/UnrealEngine/4.7/DerivedDataCache/Boot.ddc
[2015.03.21-00.52.04:353][  0]LogDerivedDataCache: FDerivedDataBackendGraph:  Pak pak cache file ../../../../../../Users/Alexander/Documents/Unreal Projects/UE4_Pong/DerivedDataCache/DDC.ddp not found, will not use a pak cache.
[2015.03.21-00.52.04:353][  0]LogDerivedDataCache: Unable to find inner node Pak for hierarchical cache Hierarchy.
[2015.03.21-00.52.04:481][  0]LogDerivedDataCache:Display: Pak cache opened for reading ../../../Engine/DerivedDataCache/Compressed.ddp.
[2015.03.21-00.52.04:492][  0]LogDerivedDataCache: Using Local data cache path C:/Users/Alexander/AppData/Local/UnrealEngine/Common/DerivedDataCache: Writable
[2015.03.21-00.52.04:783][  0]LogMeshUtilities: No automatic mesh reduction module available
[2015.03.21-00.52.04:783][  0]LogMeshUtilities: No automatic mesh merging module available
[2015.03.21-00.52.05:100][  0]LogInit: WinSock: version 1.1 (2.2), MaxSocks=32767, MaxUdp=65467
[2015.03.21-00.52.05:501][  0]LogWindowsMoviePlayer: Unable to load movie: ../../../../../../Users/Alexander/Documents/Unreal Projects/UE4_Pong/Content/Movies/Default_Startup.mp4
[2015.03.21-00.52.05:623][  0]LogSourceControl: RunCommandInternalRaw: 'git version'
[2015.03.21-00.52.05:623][  0]LogSourceControl: RunCommandInternalRaw: ExecProcess ReturnCode=2 OutResults=''
[2015.03.21-00.52.05:653][  0]SourceControl: Info Source control is disabled
[2015.03.21-00.52.05:653][  0]SourceControl: Info Source control is disabled
[2015.03.21-00.52.05:653][  0]SourceControl: Info Source control is disabled
[2015.03.21-00.52.05:662][  0]SourceControl: Info Source control is disabled
[2015.03.21-00.52.05:755][  0]LogObj: 23970 objects as part of root set at end of initial load.
[2015.03.21-00.52.05:755][  0]LogUObjectAllocator: 4988192 out of 0 bytes used by permanent object pool.
[2015.03.21-00.52.05:829][  0]LogAutomationTest:Warning: ERR: Transient text cannot be serialized "Testing Transient serialization detection".
[2015.03.21-00.52.05:829][  0]LogEngine: Initializing Engine...
[2015.03.21-00.52.07:958][  0]LogInit: XAudio2 using '1 - VOJ320F1A (AMD High Definition Audio Device)' : 2 channels at 48 kHz using 16 bits per sample (channel mask 0x3)
[2015.03.21-00.52.07:965][  0]LogInit: FAudioDevice initialized.
[2015.03.21-00.52.07:970][  0]LogInit: Texture streaming: Enabled
[2015.03.21-00.52.08:045][  0]LogAnalytics: Creating configured Analytics provider AnalyticsET
[2015.03.21-00.52.08:045][  0]LogAnalytics: ET APIKey = Rocket.Release. APIServer = http://et2.epicgames.com/ET2/. AppVersion = 4.7.2-2467323+++depot+UE4-Releases+4.7
[2015.03.21-00.52.08:045][  0]LogAnalytics: ET APIKey = Rocket.Release. DataRouterUploadURL = https://datarouter-public-service-gamedev.ol.epicgames.net/datarouter/api/v1/public/data. AppVersion = 4.7.2-2467323+++depot+UE4-Releases+4.7
[2015.03.21-00.52.08:045][  0]LogAnalytics: SetUserId d58e0af14f4c135d15ed469fab61ed5f|c140cb3391224fcfa28c86a7f1edbc94|17c0cadc-0523-45c5-b3a0-ab05ee3397ae
[2015.03.21-00.52.08:045][  0]LogAnalytics: AnalyticsET::StartSession [Rocket.Release]
[2015.03.21-00.52.08:071][  0]LogNet: Browse: /Temp/Autosaves/Game/Levels/UEDPCP2_Main?Name=Player
[2015.03.21-00.52.08:072][  0]LogLoad: LoadMap: /Temp/Autosaves/Game/Levels/UEDPCP2_Main?Name=Player
[2015.03.21-00.52.08:080][  0]LogMemory: Platform Memory Stats for Windows
[2015.03.21-00.52.08:080][  0]LogMemory: Process Physical Memory: 285.64 MB used, 286.37 MB peak
[2015.03.21-00.52.08:080][  0]LogMemory: Process Virtual Memory: 249.42 MB used, 251.46 MB peak
[2015.03.21-00.52.08:080][  0]LogMemory: Physical Memory: 5363.18 MB used, 16360.34 MB total
[2015.03.21-00.52.08:080][  0]LogMemory: Virtual Memory: 670.50 MB used, 8388608.00 MB total
[2015.03.21-00.52.08:080][  0]LogMemory: 
[2015.03.21-00.52.08:080][  0]Allocator Stats for TBB: (not implemented)
[2015.03.21-00.52.08:578][  0]LogWorld: Game class is 'BP_PongGamemode_C'
[2015.03.21-00.52.08:617][  0]LogAIModule: Creating AISystem for world P2_Main
[2015.03.21-00.52.08:619][  0]LogWorld: Bringing World /Temp/Autosaves/Game/Levels/UEDPCP2_Main.P2_Main up for play (max tick rate 0) at 2015.03.20-20.52.08
[2015.03.21-00.52.08:619][  0]LogWorld: Bringing up level for play took: 0.002579
[2015.03.21-00.52.08:620][  0]LogInit:Display: Game Engine Initialized.
[2015.03.21-00.52.08:842][  0]LogLoad: Full Startup: 8.61 seconds (BP compile: 0.17 seconds)
[2015.03.21-00.52.08:998][  1]LogRenderer:Warning: Reallocating scene render targets to support 1280x720 (Frame:2).
[2015.03.21-00.52.26:658][ 83]LogPackageName: SearchForPackageOnDisk took   0.066s to resolve Menu.umap
[2015.03.21-00.52.26:721][ 84]LogPackageName: SearchForPackageOnDisk took   0.061s to resolve Menu.umap
[2015.03.21-00.52.26:721][ 84]LogNet: Browse: /Game/Levels/Menu
[2015.03.21-00.52.26:721][ 84]LogLoad: LoadMap: /Game/Levels/Menu
[2015.03.21-00.52.26:735][ 84]LogParticles: Destroying 0 GPU particle simulations for FXSystem 0x000000000DDAB6A0
[2015.03.21-00.52.26:746][ 84]LogMemory: Platform Memory Stats for Windows
[2015.03.21-00.52.26:746][ 84]LogMemory: Process Physical Memory: 309.98 MB used, 315.64 MB peak
[2015.03.21-00.52.26:746][ 84]LogMemory: Process Virtual Memory: 261.59 MB used, 269.59 MB peak
[2015.03.21-00.52.26:746][ 84]LogMemory: Physical Memory: 5380.77 MB used, 16360.34 MB total
[2015.03.21-00.52.26:746][ 84]LogMemory: Virtual Memory: 714.66 MB used, 8388608.00 MB total
[2015.03.21-00.52.26:746][ 84]LogMemory: 
[2015.03.21-00.52.26:746][ 84]Allocator Stats for TBB: (not implemented)
[2015.03.21-00.52.27:304][ 84]LogWorld: Game class is 'BP_PongGamemode_C'
[2015.03.21-00.52.27:305][ 84]LogAIModule: Creating AISystem for world Menu
[2015.03.21-00.52.27:307][ 84]LogWorld: Bringing World /Game/Levels/Menu.Menu up for play (max tick rate 0) at 2015.03.20-20.52.27
[2015.03.21-00.52.27:307][ 84]LogWorld: Bringing up level for play took: 0.001621
[2015.03.21-00.52.30:510][277]LogPackageName: SearchForPackageOnDisk took   0.059s to resolve P1_Main.umap
[2015.03.21-00.52.30:571][277]LogPackageName: SearchForPackageOnDisk took   0.061s to resolve P1_Main.umap
[2015.03.21-00.52.30:571][277]LogNet: Browse: /Game/Levels/P1_Main
[2015.03.21-00.52.30:571][277]LogLoad: LoadMap: /Game/Levels/P1_Main
[2015.03.21-00.52.30:586][277]LogParticles: Destroying 0 GPU particle simulations for FXSystem 0x000000000D9D7880
[2015.03.21-00.52.30:597][277]LogMemory: Platform Memory Stats for Windows
[2015.03.21-00.52.30:598][277]LogMemory: Process Physical Memory: 315.33 MB used, 320.03 MB peak
[2015.03.21-00.52.30:598][277]LogMemory: Process Virtual Memory: 266.89 MB used, 271.34 MB peak
[2015.03.21-00.52.30:598][277]LogMemory: Physical Memory: 5355.11 MB used, 16360.34 MB total
[2015.03.21-00.52.30:598][277]LogMemory: Virtual Memory: 718.41 MB used, 8388608.00 MB total
[2015.03.21-00.52.30:598][277]LogMemory: 
[2015.03.21-00.52.30:598][277]Allocator Stats for TBB: (not implemented)
[2015.03.21-00.52.31:081][277]LogWorld: Game class is 'BP_PongGamemode_C'
[2015.03.21-00.52.31:082][277]LogAIModule: Creating AISystem for world P1_Main
[2015.03.21-00.52.31:084][277]LogWorld: Bringing World /Game/Levels/P1_Main.P1_Main up for play (max tick rate 0) at 2015.03.20-20.52.31
[2015.03.21-00.52.31:084][277]LogWorld: Bringing up level for play took: 0.001853
[2015.03.21-00.52.34:167][465]LogPackageName: SearchForPackageOnDisk took   0.063s to resolve Menu.umap
[2015.03.21-00.52.34:227][466]LogPackageName: SearchForPackageOnDisk took   0.059s to resolve Menu.umap
[2015.03.21-00.52.34:227][466]LogNet: Browse: /Game/Levels/Menu
[2015.03.21-00.52.34:228][466]LogLoad: LoadMap: /Game/Levels/Menu
[2015.03.21-00.52.34:245][466]LogParticles: Destroying 0 GPU particle simulations for FXSystem 0x0000000011CED300
[2015.03.21-00.52.34:250][466]LogMemory: Platform Memory Stats for Windows
[2015.03.21-00.52.34:250][466]LogMemory: Process Physical Memory: 317.04 MB used, 320.03 MB peak
[2015.03.21-00.52.34:250][466]LogMemory: Process Virtual Memory: 268.56 MB used, 271.34 MB peak
[2015.03.21-00.52.34:250][466]LogMemory: Physical Memory: 5428.90 MB used, 16360.34 MB total
[2015.03.21-00.52.34:250][466]LogMemory: Virtual Memory: 724.48 MB used, 8388608.00 MB total
[2015.03.21-00.52.34:250][466]LogMemory: 
[2015.03.21-00.52.34:250][466]Allocator Stats for TBB: (not implemented)
[2015.03.21-00.52.34:805][466]LogWorld: Game class is 'BP_PongGamemode_C'
[2015.03.21-00.52.34:807][466]LogAIModule: Creating AISystem for world Menu
[2015.03.21-00.52.34:808][466]LogWorld: Bringing World /Game/Levels/Menu.Menu up for play (max tick rate 0) at 2015.03.20-20.52.34
[2015.03.21-00.52.34:808][466]LogWorld: Bringing up level for play took: 0.001544
[2015.03.21-00.52.37:861][656]Closing by request
[2015.03.21-00.52.37:862][656]LogWindows: FPlatformMisc::RequestExit(0)
[2015.03.21-00.52.37:902][657]LogExit: Preparing to exit.
[2015.03.21-00.52.37:981][657]LogExit: Game engine shut down
[2015.03.21-00.52.38:021][657]LogParticles: Destroying 0 GPU particle simulations for FXSystem 0x0000000011C7B560
[2015.03.21-00.52.38:021][657]LogExit: Object subsystem successfully closed.
[2015.03.21-00.52.38:070][657]LogModuleManager: Shutting down and abandoning module AndroidDeviceDetection (106)
[2015.03.21-00.52.38:870][657]LogModuleManager: Shutting down and abandoning module AutomationWorker (105)
[2015.03.21-00.52.38:870][657]LogModuleManager: Shutting down and abandoning module CharacterAI (104)
[2015.03.21-00.52.38:870][657]LogModuleManager: Shutting down and abandoning module AITestSuite (103)
[2015.03.21-00.52.38:870][657]LogModuleManager: Shutting down and abandoning module GameplayDebugger (102)
[2015.03.21-00.52.38:870][657]LogModuleManager: Shutting down and abandoning module AIModule (101)
[2015.03.21-00.52.38:870][657]LogModuleManager: Shutting down and abandoning module GameLiveStreaming (100)
[2015.03.21-00.52.38:870][657]LogModuleManager: Shutting down and abandoning module StreamingPauseRendering (99)
[2015.03.21-00.52.38:870][657]LogModuleManager: Shutting down and abandoning module HTTP (98)
[2015.03.21-00.52.38:870][657]LogModuleManager: Shutting down and abandoning module AnalyticsET (97)
[2015.03.21-00.52.38:870][657]LogModuleManager: Shutting down and abandoning module Analytics (96)
[2015.03.21-00.52.38:870][657]LogModuleManager: Shutting down and abandoning module ProfilerService (95)
[2015.03.21-00.52.39:032][657]LogModuleManager: Shutting down and abandoning module TaskGraph (94)
[2015.03.21-00.52.39:032][657]LogModuleManager: Shutting down and abandoning module SlateRemote (93)
[2015.03.21-00.52.39:032][657]LogModuleManager: Shutting down and abandoning module CustomMeshComponent (92)
[2015.03.21-00.52.39:032][657]LogModuleManager: Shutting down and abandoning module CableComponent (91)
[2015.03.21-00.52.39:032][657]LogModuleManager: Shutting down and abandoning module DesktopPlatform (90)
[2015.03.21-00.52.39:032][657]LogModuleManager: Shutting down and abandoning module DirectoryWatcher (89)
[2015.03.21-00.52.39:032][657]LogModuleManager: Shutting down and abandoning module HotReload (88)
[2015.03.21-00.52.39:032][657]LogModuleManager: Shutting down and abandoning module VisualStudioSourceCodeAccess (87)
[2015.03.21-00.52.39:032][657]LogModuleManager: Shutting down and abandoning module UObjectPlugin (86)
[2015.03.21-00.52.39:032][657]LogModuleManager: Shutting down and abandoning module SubversionSourceControl (85)
[2015.03.21-00.52.39:032][657]LogModuleManager: Shutting down and abandoning module GitSourceControl (84)
[2015.03.21-00.52.39:032][657]LogModuleManager: Shutting down and abandoning module SourceControl (83)
[2015.03.21-00.52.39:032][657]LogModuleManager: Shutting down and abandoning module PerforceSourceControl (82)
[2015.03.21-00.52.39:032][657]LogModuleManager: Shutting down and abandoning module BlankPlugin (81)
[2015.03.21-00.52.39:032][657]LogModuleManager: Shutting down and abandoning module ScriptPlugin (80)
[2015.03.21-00.52.39:032][657]LogModuleManager: Shutting down and abandoning module UdpMessaging (79)
[2015.03.21-00.52.39:032][657]LogModuleManager: Shutting down and abandoning module Paper2D (78)
[2015.03.21-00.52.39:032][657]LogModuleManager: Shutting down and abandoning module WindowsMoviePlayer (77)
[2015.03.21-00.52.39:034][657]LogModuleManager: Shutting down and abandoning module Media (76)
[2015.03.21-00.52.39:034][657]LogModuleManager: Shutting down and abandoning module WmfMedia (75)
[2015.03.21-00.52.39:034][657]LogModuleManager: Shutting down and abandoning module OnlineBlueprintSupport (74)
[2015.03.21-00.52.39:034][657]LogModuleManager: Shutting down and abandoning module PropertyEditor (73)
[2015.03.21-00.52.39:034][657]LogModuleManager: Shutting down and abandoning module BehaviorTreeEditor (72)
[2015.03.21-00.52.39:034][657]LogModuleManager: Shutting down and abandoning module FunctionalTesting (71)
[2015.03.21-00.52.39:034][657]LogModuleManager: Shutting down and abandoning module CollisionAnalyzer (70)
[2015.03.21-00.52.39:034][657]LogModuleManager: Shutting down and abandoning module WorkspaceMenuStructure (69)
[2015.03.21-00.52.39:034][657]LogModuleManager: Shutting down and abandoning module MessageLog (68)
[2015.03.21-00.52.39:034][657]LogModuleManager: Shutting down and abandoning module Sequencer (67)
[2015.03.21-00.52.39:034][657]LogModuleManager: Shutting down and abandoning module AssetTools (66)
[2015.03.21-00.52.39:034][657]LogModuleManager: Shutting down and abandoning module UMGEditor (65)
[2015.03.21-00.52.39:034][657]LogModuleManager: Shutting down and abandoning module UMG (64)
[2015.03.21-00.52.39:034][657]LogModuleManager: Shutting down and abandoning module Slate (63)
[2015.03.21-00.52.39:034][657]LogModuleManager: Shutting down and abandoning module EditorStyle (62)
[2015.03.21-00.52.39:037][657]LogModuleManager: Shutting down and abandoning module SessionServices (61)
[2015.03.21-00.52.39:037][657]LogModuleManager: Shutting down and abandoning module SourceCodeAccess (60)
[2015.03.21-00.52.39:037][657]LogModuleManager: Shutting down and abandoning module HeadMountedDisplay (59)
[2015.03.21-00.52.39:037][657]LogModuleManager: Shutting down and abandoning module XAudio2 (58)
[2015.03.21-00.52.39:037][657]LogModuleManager: Shutting down and abandoning module Networking (56)
[2015.03.21-00.52.39:037][657]LogModuleManager: Shutting down and abandoning module Core (55)
[2015.03.21-00.52.39:037][657]LogModuleManager: Shutting down and abandoning module KismetCompiler (54)
[2015.03.21-00.52.39:037][657]LogModuleManager: Shutting down and abandoning module PhysXFormats (53)
[2015.03.21-00.52.39:037][657]LogModuleManager: Shutting down and abandoning module MeshUtilities (52)
[2015.03.21-00.52.39:037][657]LogModuleManager: Shutting down and abandoning module DerivedDataCache (51)
[2015.03.21-00.52.39:484][657]LogDerivedDataCache: Shutdown
[2015.03.21-00.52.39:484][657]LogModuleManager: Shutting down and abandoning module ShaderFormatOpenGL (50)
[2015.03.21-00.52.39:484][657]LogModuleManager: Shutting down and abandoning module ShaderFormatD3D (49)
[2015.03.21-00.52.39:484][657]LogModuleManager: Shutting down and abandoning module MetalShaderFormat (48)
[2015.03.21-00.52.39:484][657]LogModuleManager: Shutting down and abandoning module TextureFormatUncompressed (47)
[2015.03.21-00.52.39:484][657]LogModuleManager: Shutting down and abandoning module TextureFormatPVR (46)
[2015.03.21-00.52.39:484][657]LogModuleManager: Shutting down and abandoning module TextureFormatIntelISPCTexComp (45)
[2015.03.21-00.52.39:484][657]LogModuleManager: Shutting down and abandoning module TextureFormatDXT (44)
[2015.03.21-00.52.39:484][657]LogModuleManager: Shutting down and abandoning module ImageWrapper (43)
[2015.03.21-00.52.39:484][657]LogModuleManager: Shutting down and abandoning module TextureFormatASTC (42)
[2015.03.21-00.52.39:484][657]LogModuleManager: Shutting down and abandoning module TextureFormatAndroid (41)
[2015.03.21-00.52.39:484][657]LogModuleManager: Shutting down and abandoning module AudioFormatOpus (40)
[2015.03.21-00.52.39:484][657]LogModuleManager: Shutting down and abandoning module AudioFormatOgg (39)
[2015.03.21-00.52.39:484][657]LogModuleManager: Shutting down and abandoning module AudioFormatADPCM (38)
[2015.03.21-00.52.39:484][657]LogModuleManager: Shutting down and abandoning module LinuxTargetPlatform (37)
[2015.03.21-00.52.39:484][657]LogModuleManager: Shutting down and abandoning module LinuxServerTargetPlatform (36)
[2015.03.21-00.52.39:484][657]LogModuleManager: Shutting down and abandoning module LinuxNoEditorTargetPlatform (35)
[2015.03.21-00.52.39:484][657]LogModuleManager: Shutting down and abandoning module Messaging (34)
[2015.03.21-00.52.39:484][657]LogModuleManager: Shutting down and abandoning module IOSTargetPlatform (33)
[2015.03.21-00.52.39:484][657]LogModuleManager: Shutting down and abandoning module HTML5TargetPlatform (32)
[2015.03.21-00.52.39:484][657]LogModuleManager: Shutting down and abandoning module Android_PVRTCTargetPlatform (31)
[2015.03.21-00.52.39:484][657]LogModuleManager: Shutting down and abandoning module Android_ETC2TargetPlatform (30)
[2015.03.21-00.52.39:484][657]LogModuleManager: Shutting down and abandoning module Android_ETC1TargetPlatform (29)
[2015.03.21-00.52.39:484][657]LogModuleManager: Shutting down and abandoning module Android_ES31TargetPlatform (28)
[2015.03.21-00.52.39:484][657]LogModuleManager: Shutting down and abandoning module Android_DXTTargetPlatform (27)
[2015.03.21-00.52.39:484][657]LogModuleManager: Shutting down and abandoning module Android_ATCTargetPlatform (26)
[2015.03.21-00.52.39:484][657]LogModuleManager: Shutting down and abandoning module AndroidTargetPlatform (25)
[2015.03.21-00.52.39:484][657]LogModuleManager: Shutting down and abandoning module WindowsTargetPlatform (24)
[2015.03.21-00.52.39:484][657]LogModuleManager: Shutting down and abandoning module WindowsServerTargetPlatform (23)
[2015.03.21-00.52.39:484][657]LogModuleManager: Shutting down and abandoning module WindowsNoEditorTargetPlatform (22)
[2015.03.21-00.52.39:484][657]LogModuleManager: Shutting down and abandoning module WindowsClientTargetPlatform (21)
[2015.03.21-00.52.39:484][657]LogModuleManager: Shutting down and abandoning module TargetPlatform (20)
[2015.03.21-00.52.39:484][657]LogModuleManager: Shutting down and abandoning module InputCore (19)
[2015.03.21-00.52.39:484][657]LogModuleManager: Shutting down and abandoning module Settings (18)
[2015.03.21-00.52.39:484][657]LogModuleManager: Shutting down and abandoning module OnlineSubsystem (16)
[2015.03.21-00.52.39:484][657]LogModuleManager: Shutting down and abandoning module OculusRift (15)
[2015.03.21-00.52.39:484][657]LogModuleManager: Shutting down and abandoning module ExampleDeviceProfileSelector (14)
[2015.03.21-00.52.39:484][657]LogModuleManager: Shutting down and abandoning module TextureCompressor (13)
[2015.03.21-00.52.39:484][657]LogModuleManager: Shutting down and abandoning module ShaderCore (12)
[2015.03.21-00.52.39:484][657]LogModuleManager: Shutting down and abandoning module Landscape (11)
[2015.03.21-00.52.39:484][657]LogModuleManager: Shutting down and abandoning module SlateRHIRenderer (10)
[2015.03.21-00.52.39:485][657]LogModuleManager: Shutting down and abandoning module OpenGLDrv (9)
[2015.03.21-00.52.39:485][657]LogModuleManager: Shutting down and abandoning module D3D11RHI (8)
[2015.03.21-00.52.39:485][657]LogModuleManager: Shutting down and abandoning module Renderer (7)
[2015.03.21-00.52.39:485][657]LogModuleManager: Shutting down and abandoning module Engine (6)
[2015.03.21-00.52.39:485][657]LogModuleManager: Shutting down and abandoning module CoreUObject (5)
[2015.03.21-00.52.39:485][657]LogModuleManager: Shutting down and abandoning module NetworkFile (4)
[2015.03.21-00.52.39:485][657]LogModuleManager: Shutting down and abandoning module StreamingFile (3)
[2015.03.21-00.52.39:485][657]LogModuleManager: Shutting down and abandoning module SandboxFile (2)
[2015.03.21-00.52.39:485][657]LogModuleManager: Shutting down and abandoning module PakFile (1)
[2015.03.21-00.52.39:485][657]LogExit: Exiting.
[2015.03.21-00.52.39:486][657]Log file closed, 03/20/15 20:52:39
