"C:/Users/Alexander/Documents/Unreal Projects/UE4_Pong/UE4_Pong.uproject" 1
"../../../Engine/Plugins/2D/Paper2D/Paper2D.uplugin" 2
"../../../Engine/Plugins/Developer/BlankPlugin/BlankPlugin.uplugin" 3
"../../../Engine/Plugins/Developer/GitSourceControl/GitSourceControl.uplugin" 4
"../../../Engine/Plugins/Developer/KDevelopSourceCodeAccess/KDevelopSourceCodeAccess.uplugin" 5
"../../../Engine/Plugins/Developer/PerforceSourceControl/PerforceSourceControl.uplugin" 6
"../../../Engine/Plugins/Developer/SubversionSourceControl/SubversionSourceControl.uplugin" 7
"../../../Engine/Plugins/Developer/UObjectPlugin/UObjectPlugin.uplugin" 8
"../../../Engine/Plugins/Developer/VisualStudioSourceCodeAccess/VisualStudioSourceCodeAccess.uplugin" 9
"../../../Engine/Plugins/Developer/XCodeSourceCodeAccess/XCodeSourceCodeAccess.uplugin" 10
"../../../Engine/Plugins/Editor/EpicSurvey/EpicSurvey.uplugin" 11
"../../../Engine/Plugins/Editor/MacGraphicsSwitching/MacGraphicsSwitching.uplugin" 12
"../../../Engine/Plugins/Editor/PluginsEditor/PluginsEditor.uplugin" 13
"../../../Engine/Plugins/Editor/SpeedTreeImporter/SpeedTreeImporter.uplugin" 14
"../../../Engine/Plugins/Experimental/BlueprintStats/BlueprintStats.uplugin" 15
"../../../Engine/Plugins/Experimental/CharacterAI/CharacterAI.uplugin" 16
"../../../Engine/Plugins/Experimental/CodeView/CodeView.uplugin" 17
"../../../Engine/Plugins/Experimental/LiveEditor/LiveEditor.uplugin" 18
"../../../Engine/Plugins/Experimental/Phya/Phya.uplugin" 19
"../../../Engine/Plugins/Experimental/SimpleHMD/SimpleHMD.uplugin" 20
"../../../Engine/Plugins/Experimental/SteamVR/SteamVR.uplugin" 21
"../../../Engine/Plugins/Media/AndroidMedia/AndroidMedia.uplugin" 22
"../../../Engine/Plugins/Media/AvfMedia/AvfMedia.uplugin" 23
"../../../Engine/Plugins/Media/MediaPlayerEditor/MediaPlayerEditor.uplugin" 24
"../../../Engine/Plugins/Media/WmfMedia/WmfMedia.uplugin" 25
"../../../Engine/Plugins/Messaging/MessagingDebugger/MessagingDebugger.uplugin" 26
"../../../Engine/Plugins/Messaging/ShmMessaging/ShmMessaging.uplugin" 27
"../../../Engine/Plugins/Messaging/UdpMessaging/UdpMessaging.uplugin" 28
"../../../Engine/Plugins/Runtime/Advertising/IOSTapJoy/IOSTapJoy.uplugin" 29
"../../../Engine/Plugins/Runtime/Analytics/AnalyticsBlueprintLibrary/AnalyticsBlueprintLibrary.uplugin" 30
"../../../Engine/Plugins/Runtime/Analytics/Apsalar/IOSApsalar/IOSApsalar.uplugin" 31
"../../../Engine/Plugins/Runtime/Analytics/FileLogging/FileLogging.uplugin" 32
"../../../Engine/Plugins/Runtime/AndroidDeviceProfileSelector/AndroidDeviceProfileSelector.uplugin" 33
"../../../Engine/Plugins/Runtime/AndroidMoviePlayer/AndroidMoviePlayer.uplugin" 34
"../../../Engine/Plugins/Runtime/AppleMoviePlayer/AppleMoviePlayer.uplugin" 35
"../../../Engine/Plugins/Runtime/CableComponent/CableComponent.uplugin" 36
"../../../Engine/Plugins/Runtime/CustomMeshComponent/CustomMeshComponent.uplugin" 37
"../../../Engine/Plugins/Runtime/ExampleDeviceProfileSelector/ExampleDeviceProfileSelector.uplugin" 38
"../../../Engine/Plugins/Runtime/GearVR/GearVR.uplugin" 39
"../../../Engine/Plugins/Runtime/IOSDeviceProfileSelector/IOSDeviceProfileSelector.uplugin" 40
"../../../Engine/Plugins/Runtime/LiveEditorListenServer/LiveEditorListenServer.uplugin" 41
"../../../Engine/Plugins/Runtime/OculusRift/OculusRift.uplugin" 42
"../../../Engine/Plugins/Runtime/SoundMod/SoundMod.uplugin" 43
"../../../Engine/Plugins/Runtime/SoundVisualizations/SoundVisualizations.uplugin" 44
"../../../Engine/Plugins/Runtime/TwitchLiveStreaming/TwitchLiveStreaming.uplugin" 45
"../../../Engine/Plugins/Runtime/WindowsDeviceProfileSelector/WindowsDeviceProfileSelector.uplugin" 46
"../../../Engine/Plugins/Runtime/WindowsMoviePlayer/WindowsMoviePlayer.uplugin" 47
"../../../Engine/Plugins/ScriptGeneratorPlugin/ScriptGeneratorPlugin.uplugin" 48
"../../../Engine/Plugins/ScriptPlugin/ScriptPlugin.uplugin" 49
"../../../Engine/Plugins/Slate/SlateRemote/SlateRemote.uplugin" 50
"..\..\..\Engine\Content\Internationalization\icudt53l\cnvalias.icu" 51
"..\..\..\Engine\Content\Internationalization\icudt53l\en_US_POSIX.res" 52
"..\..\..\Engine\Content\Internationalization\icudt53l\pool.res" 53
"..\..\..\Engine\Content\Internationalization\icudt53l\en_US.res" 54
"..\..\..\Engine\Content\Internationalization\icudt53l\en.res" 55
"..\..\..\Engine\Content\Internationalization\icudt53l\root.res" 56
"..\..\..\Engine\Content\Internationalization\icudt53l\coll\ucadata.icu" 57
"..\..\..\Engine\Content\Internationalization\icudt53l\nfc.nrm" 58
"..\..\..\Engine\Content\Internationalization\icudt53l\coll\en_US_POSIX.res" 59
"..\..\..\Engine\Content\Internationalization\icudt53l\coll\en_US.res" 60
"..\..\..\Engine\Content\Internationalization\icudt53l\coll\en.res" 61
"..\..\..\Engine\Content\Internationalization\icudt53l\coll\root.res" 62
"..\..\..\Engine\Content\Internationalization\icudt53l\numberingSystems.res" 63
"..\..\..\Engine\Content\Internationalization\icudt53l\curr\supplementalData.res" 64
"..\..\..\Engine\Content\Internationalization\icudt53l\curr\pool.res" 65
"..\..\..\Engine\Content\Internationalization\icudt53l\curr\en.res" 66
"..\..\..\Engine\Content\Internationalization\icudt53l\curr\root.res" 67
"..\..\..\Engine\Content\Internationalization\icudt53l\plurals.res" 68
"..\..\..\Engine\Content\Internationalization\icudt53l\windowsZones.res" 69
"..\..\..\Engine\Content\Internationalization\icudt53l\zoneinfo64.res" 70
"..\..\..\Engine\Content\Internationalization\icudt53l\keyTypeData.res" 71
"..\..\..\Engine\Content\Internationalization\icudt53l\timezoneTypes.res" 72
"..\..\..\Engine\Content\Internationalization\icudt53l\supplementalData.res" 73
"..\..\..\Engine\Content\Internationalization\icudt53l\likelySubtags.res" 74
"../../../Engine/Config/Base.ini" 75
"../../../Engine/Config/BaseEngine.ini" 76
"../../../../../../Users/Alexander/Documents/Unreal Projects/UE4_Pong/Config/DefaultEngine.ini" 77
"../../../Engine/Config/Windows/WindowsEngine.ini" 78
"C:/Users/Alexander/Documents/Unreal Projects/UE4_Pong/Saved/Config/Windows/Engine.ini" 79
"../../../../../../Users/Alexander/Documents/Unreal Projects/UE4_Pong/Intermediate/Config/CoalescedSourceConfigs/Engine.ini" 80
"../../../Engine/Config/BaseGame.ini" 81
"C:/Users/Alexander/Documents/Unreal Projects/UE4_Pong/Saved/Config/Windows/Game.ini" 82
"../../../../../../Users/Alexander/Documents/Unreal Projects/UE4_Pong/Intermediate/Config/CoalescedSourceConfigs/Game.ini" 83
"../../../Engine/Config/BaseInput.ini" 84
"../../../../../../Users/Alexander/Documents/Unreal Projects/UE4_Pong/Config/DefaultInput.ini" 85
"C:/Users/Alexander/Documents/Unreal Projects/UE4_Pong/Saved/Config/Windows/Input.ini" 86
"../../../../../../Users/Alexander/Documents/Unreal Projects/UE4_Pong/Intermediate/Config/CoalescedSourceConfigs/Input.ini" 87
"../../../Engine/Config/BaseEditor.ini" 88
"../../../../../../Users/Alexander/Documents/Unreal Projects/UE4_Pong/Config/DefaultEditor.ini" 89
"C:/Users/Alexander/Documents/Unreal Projects/UE4_Pong/Saved/Config/Windows/Editor.ini" 90
"../../../../../../Users/Alexander/Documents/Unreal Projects/UE4_Pong/Intermediate/Config/CoalescedSourceConfigs/Editor.ini" 91
"../../../Engine/Config/BaseEditorLayout.ini" 92
"C:/Users/Alexander/Documents/Unreal Projects/UE4_Pong/Saved/Config/Windows/EditorLayout.ini" 93
"../../../../../../Users/Alexander/Documents/Unreal Projects/UE4_Pong/Intermediate/Config/CoalescedSourceConfigs/EditorLayout.ini" 94
"../../../Engine/Config/BaseEditorUserSettings.ini" 95
"C:/Users/Alexander/Documents/Unreal Projects/UE4_Pong/Saved/Config/Windows/EditorUserSettings.ini" 96
"../../../../../../Users/Alexander/Documents/Unreal Projects/UE4_Pong/Intermediate/Config/CoalescedSourceConfigs/EditorUserSettings.ini" 97
"../../../Engine/Config/BaseEditorKeyBindings.ini" 98
"C:/Users/Alexander/Documents/Unreal Projects/UE4_Pong/Saved/Config/Windows/EditorKeyBindings.ini" 99
"../../../../../../Users/Alexander/Documents/Unreal Projects/UE4_Pong/Intermediate/Config/CoalescedSourceConfigs/EditorKeyBindings.ini" 100
"../../../Engine/Config/BaseCompat.ini" 101
"C:/Users/Alexander/Documents/Unreal Projects/UE4_Pong/Saved/Config/Windows/Compat.ini" 102
"../../../../../../Users/Alexander/Documents/Unreal Projects/UE4_Pong/Intermediate/Config/CoalescedSourceConfigs/Compat.ini" 103
"../../../Engine/Config/BaseLightmass.ini" 104
"C:/Users/Alexander/Documents/Unreal Projects/UE4_Pong/Saved/Config/Windows/Lightmass.ini" 105
"../../../../../../Users/Alexander/Documents/Unreal Projects/UE4_Pong/Intermediate/Config/CoalescedSourceConfigs/Lightmass.ini" 106
"../../../Engine/Config/BaseScalability.ini" 107
"C:/Users/Alexander/Documents/Unreal Projects/UE4_Pong/Saved/Config/Windows/Scalability.ini" 108
"../../../../../../Users/Alexander/Documents/Unreal Projects/UE4_Pong/Intermediate/Config/CoalescedSourceConfigs/Scalability.ini" 109
"C:/Users/Alexander/Documents/Unreal Projects/UE4_Pong/Saved/Config/Windows/GameUserSettings.ini" 110
"../../../../../../Users/Alexander/Documents/Unreal Projects/UE4_Pong/Intermediate/Config/CoalescedSourceConfigs/GameUserSettings.ini" 111
"../../../Engine/Config/BaseDeviceProfiles.ini" 112
"C:/Users/Alexander/Documents/Unreal Projects/UE4_Pong/Saved/Config/Windows/DeviceProfiles.ini" 113
"../../../../../../Users/Alexander/Documents/Unreal Projects/UE4_Pong/Intermediate/Config/CoalescedSourceConfigs/DeviceProfiles.ini" 114
"../../../Engine/Config/ConsoleVariables.ini" 115
"..\..\..\Engine\Content\Internationalization\icudt53l\es.res" 116
"..\..\..\Engine\Content\Internationalization\icudt53l\coll\es.res" 117
"..\..\..\Engine\Content\Internationalization\icudt53l\curr\es.res" 118
"..\..\..\Engine\Content\Internationalization\icudt53l\es_ES.res" 119
"..\..\..\Engine\Content\Internationalization\icudt53l\ja.res" 120
"..\..\..\Engine\Content\Internationalization\icudt53l\coll\ja.res" 121
"..\..\..\Engine\Content\Internationalization\icudt53l\curr\ja.res" 122
"..\..\..\Engine\Content\Internationalization\icudt53l\ja_JP.res" 123
"..\..\..\Engine\Content\Internationalization\icudt53l\ko.res" 124
"..\..\..\Engine\Content\Internationalization\icudt53l\coll\ko.res" 125
"..\..\..\Engine\Content\Internationalization\icudt53l\curr\ko.res" 126
"..\..\..\Engine\Content\Internationalization\icudt53l\ko_KR.res" 127
"..\..\..\Engine\Content\Internationalization\icudt53l\pt_BR.res" 128
"..\..\..\Engine\Content\Internationalization\icudt53l\pt.res" 129
"..\..\..\Engine\Content\Internationalization\icudt53l\coll\pt.res" 130
"..\..\..\Engine\Content\Internationalization\icudt53l\curr\pt.res" 131
"..\..\..\Engine\Content\Internationalization\icudt53l\zh_CN.res" 132
"..\..\..\Engine\Content\Internationalization\icudt53l\zh_Hans_CN.res" 133
"..\..\..\Engine\Content\Internationalization\icudt53l\zh_Hans.res" 134
"..\..\..\Engine\Content\Internationalization\icudt53l\zh.res" 135
"..\..\..\Engine\Content\Internationalization\icudt53l\coll\zh_CN.res" 136
"..\..\..\Engine\Content\Internationalization\icudt53l\coll\zh_Hans_CN.res" 137
"..\..\..\Engine\Content\Internationalization\icudt53l\coll\zh_Hans.res" 138
"..\..\..\Engine\Content\Internationalization\icudt53l\coll\zh.res" 139
"..\..\..\Engine\Content\Internationalization\icudt53l\curr\zh_CN.res" 140
"..\..\..\Engine\Content\Internationalization\icudt53l\curr\zh_Hans_CN.res" 141
"..\..\..\Engine\Content\Internationalization\icudt53l\curr\zh_Hans.res" 142
"..\..\..\Engine\Content\Internationalization\icudt53l\curr\zh.res" 143
"C:/Program Files/Epic Games/4.7/Engine/Content/Localization/Editor/en/Editor.locres" 144
"C:/Program Files/Epic Games/4.7/Engine/Content/Localization/EditorTutorials/en/EditorTutorials.locres" 145
"C:/Program Files/Epic Games/4.7/Engine/Content/Localization/Engine/en/Engine.locres" 146
"../../../Engine/Content/Slate/Fonts/Roboto-Regular.ttf" 147
"../../../Engine/Content/Slate/Fonts/DroidSansMono.ttf" 148
"../../../Engine/Content/Slate/Fonts/Roboto-Bold.ttf" 149
"../../../Engine/Content/Slate/Fonts/Roboto-Light.ttf" 150
"C:/Program Files/Epic Games/4.7/Engine/Binaries/Win64/../../../Engine/Shaders/ParticleSpriteVertexFactory.usf" 151
"C:/Program Files/Epic Games/4.7/Engine/Binaries/Win64/../../../Engine/Shaders/VertexFactoryCommon.usf" 152
"C:/Program Files/Epic Games/4.7/Engine/Binaries/Win64/../../../Engine/Shaders/Common.usf" 153
"C:/Program Files/Epic Games/4.7/Engine/Binaries/Win64/../../../Engine/Shaders/MetalCommon.usf" 154
"C:/Program Files/Epic Games/4.7/Engine/Binaries/Win64/../../../Engine/Shaders/ShaderVersion.usf" 155
"C:/Program Files/Epic Games/4.7/Engine/Binaries/Win64/../../../Engine/Shaders/Definitions.usf" 156
"C:/Program Files/Epic Games/4.7/Engine/Binaries/Win64/../../../Engine/Shaders/Random.usf" 157
"C:/Program Files/Epic Games/4.7/Engine/Binaries/Win64/../../../Engine/Shaders/ParticleVertexFactoryCommon.usf" 158
"C:/Program Files/Epic Games/4.7/Engine/Binaries/Win64/../../../Engine/Shaders/ParticleGPUSpriteVertexFactory.usf" 159
"C:/Program Files/Epic Games/4.7/Engine/Binaries/Win64/../../../Engine/Shaders/ParticleBeamTrailVertexFactory.usf" 160
"C:/Program Files/Epic Games/4.7/Engine/Binaries/Win64/../../../Engine/Shaders/VectorFieldVisualizationVertexFactory.usf" 161
"C:/Program Files/Epic Games/4.7/Engine/Binaries/Win64/../../../Engine/Shaders/LocalVertexFactory.usf" 162
"C:/Program Files/Epic Games/4.7/Engine/Binaries/Win64/../../../Engine/Shaders/LocalVertexFactoryCommon.usf" 163
"C:/Program Files/Epic Games/4.7/Engine/Binaries/Win64/../../../Engine/Shaders/MeshParticleVertexFactory.usf" 164
"C:/Program Files/Epic Games/4.7/Engine/Binaries/Win64/../../../Engine/Shaders/GpuSkinVertexFactory.usf" 165
"C:/Program Files/Epic Games/4.7/Engine/Binaries/Win64/../../../Engine/Shaders/GpuSkinCacheCommon.usf" 166
"C:/Program Files/Epic Games/4.7/Engine/Binaries/Win64/../../../Engine/Shaders/LandscapeVertexFactory.usf" 167
"C:/Program Files/Epic Games/4.7/Engine/Binaries/Win64/../../../Engine/Shaders/SlateElementPixelShader.usf" 168
"C:/Program Files/Epic Games/4.7/Engine/Binaries/Win64/../../../Engine/Shaders/MaterialTemplate.usf" 169
"C:/Program Files/Epic Games/4.7/Engine/Binaries/Win64/../../../Engine/Shaders/DepthOfFieldCommon.usf" 170
"C:/Program Files/Epic Games/4.7/Engine/Binaries/Win64/../../../Engine/Shaders/SpeedTreeCommon.usf" 171
"C:/Program Files/Epic Games/4.7/Engine/Binaries/Win64/../../../Engine/Shaders/AtmosphereCommon.usf" 172
"C:/Program Files/Epic Games/4.7/Engine/Binaries/Win64/../../../Engine/Shaders/PostProcessCommon.usf" 173
"C:/Program Files/Epic Games/4.7/Engine/Binaries/Win64/../../../Engine/Shaders/DeferredShadingCommon.usf" 174
"C:/Program Files/Epic Games/4.7/Engine/Binaries/Win64/../../../Engine/Shaders/LightAccumulator.usf" 175
"C:/Program Files/Epic Games/4.7/Engine/Binaries/Win64/../../../Engine/Shaders/SlateVertexShader.usf" 176
"C:/Program Files/Epic Games/4.7/Engine/Binaries/Win64/../../../Engine/Shaders/OneColorShader.usf" 177
"C:/Program Files/Epic Games/4.7/Engine/Binaries/Win64/../../../Engine/Shaders/ResolveVertexShader.usf" 178
"C:/Program Files/Epic Games/4.7/Engine/Binaries/Win64/../../../Engine/Shaders/ResolvePixelShader.usf" 179
"C:/Program Files/Epic Games/4.7/Engine/Binaries/Win64/../../../Engine/Shaders/VisualizeTexture.usf" 180
"C:/Program Files/Epic Games/4.7/Engine/Binaries/Win64/../../../Engine/Shaders/ScreenSpaceReflections.usf" 181
"C:/Program Files/Epic Games/4.7/Engine/Binaries/Win64/../../../Engine/Shaders/BRDF.usf" 182
"C:/Program Files/Epic Games/4.7/Engine/Binaries/Win64/../../../Engine/Shaders/MonteCarlo.usf" 183
"C:/Program Files/Epic Games/4.7/Engine/Binaries/Win64/../../../Engine/Shaders/FilterVertexShader.usf" 184
"C:/Program Files/Epic Games/4.7/Engine/Binaries/Win64/../../../Engine/Shaders/FilterPixelShader.usf" 185
"C:/Program Files/Epic Games/4.7/Engine/Binaries/Win64/../../../Engine/Shaders/PostProcessVisualizeHDR.usf" 186
"C:/Program Files/Epic Games/4.7/Engine/Binaries/Win64/../../../Engine/Shaders/PostProcessHistogramCommon.usf" 187
"C:/Program Files/Epic Games/4.7/Engine/Binaries/Win64/../../../Engine/Shaders/TonemapCommon.usf" 188
"C:/Program Files/Epic Games/4.7/Engine/Binaries/Win64/../../../Engine/Shaders/MiniFontCommon.usf" 189
"C:/Program Files/Epic Games/4.7/Engine/Binaries/Win64/../../../Engine/Shaders/PostProcessVisualizeBuffer.usf" 190
"C:/Program Files/Epic Games/4.7/Engine/Binaries/Win64/../../../Engine/Shaders/PostProcessUpscale.usf" 191
"C:/Program Files/Epic Games/4.7/Engine/Binaries/Win64/../../../Engine/Shaders/PostProcessTonemap.usf" 192
"C:/Program Files/Epic Games/4.7/Engine/Binaries/Win64/../../../Engine/Shaders/PostProcessTestImage.usf" 193
"C:/Program Files/Epic Games/4.7/Engine/Binaries/Win64/../../../Engine/Shaders/PostProcessTemporalAA.usf" 194
"C:/Program Files/Epic Games/4.7/Engine/Binaries/Win64/../../../Engine/Shaders/PostProcessTemporalCommon.usf" 195
"C:/Program Files/Epic Games/4.7/Engine/Binaries/Win64/../../../Engine/Shaders/PostProcessSubsurface.usf" 196
"C:/Program Files/Epic Games/4.7/Engine/Binaries/Win64/../../../Engine/Shaders/SeparableSSS.usf" 197
"C:/Program Files/Epic Games/4.7/Engine/Binaries/Win64/../../../Engine/Shaders/PostProcessSelectionOutline.usf" 198
"C:/Program Files/Epic Games/4.7/Engine/Binaries/Win64/../../../Engine/Shaders/PostProcessSceneColorFringe.usf" 199
"C:/Program Files/Epic Games/4.7/Engine/Binaries/Win64/../../../Engine/Shaders/PostProcessNoiseBlur.usf" 200
"C:/Program Files/Epic Games/4.7/Engine/Binaries/Win64/../../../Engine/Shaders/PostProcessMotionBlur.usf" 201
"C:/Program Files/Epic Games/4.7/Engine/Binaries/Win64/../../../Engine/Shaders/MorpheusInclude.usf" 202
"C:/Program Files/Epic Games/4.7/Engine/Binaries/Win64/../../../Engine/Shaders/PostProcessMobile.usf" 203
"C:/Program Files/Epic Games/4.7/Engine/Binaries/Win64/../../../Engine/Shaders/PostProcessMaterialShaders.usf" 204
"C:/Program Files/Epic Games/4.7/Engine/Binaries/Win64/../../../Engine/Shaders/PostProcessLensFlares.usf" 205
"C:/Program Files/Epic Games/4.7/Engine/Binaries/Win64/../../../Engine/Shaders/PostProcessLensBlur.usf" 206
"C:/Program Files/Epic Games/4.7/Engine/Binaries/Win64/../../../Engine/Shaders/PostProcessBloom.usf" 207
"C:/Program Files/Epic Games/4.7/Engine/Binaries/Win64/../../../Engine/Shaders/PostProcessHMD.usf" 208
"C:/Program Files/Epic Games/4.7/Engine/Binaries/Win64/../../../Engine/Shaders/PostProcessHistogramReduce.usf" 209
"C:/Program Files/Epic Games/4.7/Engine/Binaries/Win64/../../../Engine/Shaders/PostProcessHistogram.usf" 210
"C:/Program Files/Epic Games/4.7/Engine/Binaries/Win64/../../../Engine/Shaders/PostProcessGBufferHints.usf" 211
"C:/Program Files/Epic Games/4.7/Engine/Binaries/Win64/../../../Engine/Shaders/PostProcessEyeAdaptation.usf" 212
"C:/Program Files/Epic Games/4.7/Engine/Binaries/Win64/../../../Engine/Shaders/PostProcessDownsample.usf" 213
"C:/Program Files/Epic Games/4.7/Engine/Binaries/Win64/../../../Engine/Shaders/PostProcessDOF.usf" 214
"C:/Program Files/Epic Games/4.7/Engine/Binaries/Win64/../../../Engine/Shaders/PostProcessCompositeEditorPrimitives.usf" 215
"C:/Program Files/Epic Games/4.7/Engine/Binaries/Win64/../../../Engine/Shaders/PostProcessCombineLUTs.usf" 216
"C:/Program Files/Epic Games/4.7/Engine/Binaries/Win64/../../../Engine/Shaders/PostProcessBusyWait.usf" 217
"C:/Program Files/Epic Games/4.7/Engine/Binaries/Win64/../../../Engine/Shaders/PostProcessBokehDOF.usf" 218
"C:/Program Files/Epic Games/4.7/Engine/Binaries/Win64/../../../Engine/Shaders/FXAAShader.usf" 219
"C:/Program Files/Epic Games/4.7/Engine/Binaries/Win64/../../../Engine/Shaders/Fxaa3_11.usf" 220
"C:/Program Files/Epic Games/4.7/Engine/Binaries/Win64/../../../Engine/Shaders/PostProcessPassThrough.usf" 221
"C:/Program Files/Epic Games/4.7/Engine/Binaries/Win64/../../../Engine/Shaders/PostProcessLpvIndirect.usf" 222
"C:/Program Files/Epic Games/4.7/Engine/Binaries/Win64/../../../Engine/Shaders/DeferredLightingCommon.usf" 223
"C:/Program Files/Epic Games/4.7/Engine/Binaries/Win64/../../../Engine/Shaders/DynamicLightingCommon.usf" 224
"C:/Program Files/Epic Games/4.7/Engine/Binaries/Win64/../../../Engine/Shaders/IESLightProfilesCommon.usf" 225
"C:/Program Files/Epic Games/4.7/Engine/Binaries/Win64/../../../Engine/Shaders/LPVFinalPass.usf" 226
"C:/Program Files/Epic Games/4.7/Engine/Binaries/Win64/../../../Engine/Shaders/LPVCommon.usf" 227
"C:/Program Files/Epic Games/4.7/Engine/Binaries/Win64/../../../Engine/Shaders/DeferredDecal.usf" 228
"C:/Program Files/Epic Games/4.7/Engine/Binaries/Win64/../../../Engine/Shaders/PostProcessAmbientOcclusion.usf" 229
"C:/Program Files/Epic Games/4.7/Engine/Binaries/Win64/../../../Engine/Shaders/PostProcessAmbient.usf" 230
"C:/Program Files/Epic Games/4.7/Engine/Binaries/Win64/../../../Engine/Shaders/CubemapCommon.usf" 231
"C:/Program Files/Epic Games/4.7/Engine/Binaries/Win64/../../../Engine/Shaders/VelocityShader.usf" 232
"C:/Program Files/Epic Games/4.7/Engine/Binaries/Win64/../../../Engine/Shaders/Tessellation.usf" 233
"C:/Program Files/Epic Games/4.7/Engine/Binaries/Win64/../../../Engine/Shaders/FlatTessellation.usf" 234
"C:/Program Files/Epic Games/4.7/Engine/Binaries/Win64/../../../Engine/Shaders/PNTriangles.usf" 235
"C:/Program Files/Epic Games/4.7/Engine/Binaries/Win64/../../../Engine/Shaders/TranslucentLightingShaders.usf" 236
"C:/Program Files/Epic Games/4.7/Engine/Binaries/Win64/../../../Engine/Shaders/SHCommon.usf" 237
"C:/Program Files/Epic Games/4.7/Engine/Binaries/Win64/../../../Engine/Shaders/ShadowProjectionCommon.usf" 238
"C:/Program Files/Epic Games/4.7/Engine/Binaries/Win64/../../../Engine/Shaders/TranslucentLightInjectionShaders.usf" 239
"C:/Program Files/Epic Games/4.7/Engine/Binaries/Win64/../../../Engine/Shaders/LightFunctionCommon.usf" 240
"C:/Program Files/Epic Games/4.7/Engine/Binaries/Win64/../../../Engine/Shaders/TranslucentShadowDepthShaders.usf" 241
"C:/Program Files/Epic Games/4.7/Engine/Binaries/Win64/../../../Engine/Shaders/ShadowDepthCommon.usf" 242
"C:/Program Files/Epic Games/4.7/Engine/Binaries/Win64/../../../Engine/Shaders/TiledDeferredLightShaders.usf" 243
"C:/Program Files/Epic Games/4.7/Engine/Binaries/Win64/../../../Engine/Shaders/ShadowProjectionPixelShader.usf" 244
"C:/Program Files/Epic Games/4.7/Engine/Binaries/Win64/../../../Engine/Shaders/ShadowFilteringCommon.usf" 245
"C:/Program Files/Epic Games/4.7/Engine/Binaries/Win64/../../../Engine/Shaders/ShadowProjectionVertexShader.usf" 246
"C:/Program Files/Epic Games/4.7/Engine/Binaries/Win64/../../../Engine/Shaders/ShadowDepthPixelShader.usf" 247
"C:/Program Files/Epic Games/4.7/Engine/Binaries/Win64/../../../Engine/Shaders/LPVWriteVplCommon.usf" 248
"C:/Program Files/Epic Games/4.7/Engine/Binaries/Win64/../../../Engine/Shaders/LPVWriteCommon.usf" 249
"C:/Program Files/Epic Games/4.7/Engine/Binaries/Win64/../../../Engine/Shaders/ShadowDepthVertexShader.usf" 250
"C:/Program Files/Epic Games/4.7/Engine/Binaries/Win64/../../../Engine/Shaders/ShaderComplexityApplyPixelShader.usf" 251
"C:/Program Files/Epic Games/4.7/Engine/Binaries/Win64/../../../Engine/Shaders/ShaderComplexityApplyVertexShader.usf" 252
"C:/Program Files/Epic Games/4.7/Engine/Binaries/Win64/../../../Engine/Shaders/ShaderComplexityAccumulatePixelShader.usf" 253
"C:/Program Files/Epic Games/4.7/Engine/Binaries/Win64/../../../Engine/Shaders/HZBOcclusion.usf" 254
"C:/Program Files/Epic Games/4.7/Engine/Binaries/Win64/../../../Engine/Shaders/OcclusionQueryVertexShader.usf" 255
"C:/Program Files/Epic Games/4.7/Engine/Binaries/Win64/../../../Engine/Shaders/HitProxyPixelShader.usf" 256
"C:/Program Files/Epic Games/4.7/Engine/Binaries/Win64/../../../Engine/Shaders/HitProxyVertexShader.usf" 257
"C:/Program Files/Epic Games/4.7/Engine/Binaries/Win64/../../../Engine/Shaders/ReflectionEnvironmentShaders.usf" 258
"C:/Program Files/Epic Games/4.7/Engine/Binaries/Win64/../../../Engine/Shaders/ReflectionEnvironmentShared.usf" 259
"C:/Program Files/Epic Games/4.7/Engine/Binaries/Win64/../../../Engine/Shaders/SkyLightingShared.usf" 260
"C:/Program Files/Epic Games/4.7/Engine/Binaries/Win64/../../../Engine/Shaders/ReflectionEnvironmentComputeShaders.usf" 261
"C:/Program Files/Epic Games/4.7/Engine/Binaries/Win64/../../../Engine/Shaders/LightShaftShader.usf" 262
"C:/Program Files/Epic Games/4.7/Engine/Binaries/Win64/../../../Engine/Shaders/StationaryLightOverlapShaders.usf" 263
"C:/Program Files/Epic Games/4.7/Engine/Binaries/Win64/../../../Engine/Shaders/DeferredLightPixelShaders.usf" 264
"C:/Program Files/Epic Games/4.7/Engine/Binaries/Win64/../../../Engine/Shaders/DeferredLightVertexShaders.usf" 265
"C:/Program Files/Epic Games/4.7/Engine/Binaries/Win64/../../../Engine/Shaders/LPVVisualise.usf" 266
"C:/Program Files/Epic Games/4.7/Engine/Binaries/Win64/../../../Engine/Shaders/LPVGeometryVolumeCommon.usf" 267
"C:/Program Files/Epic Games/4.7/Engine/Binaries/Win64/../../../Engine/Shaders/LPVDirectLightInject.usf" 268
"C:/Program Files/Epic Games/4.7/Engine/Binaries/Win64/../../../Engine/Shaders/LPVPropagate.usf" 269
"C:/Program Files/Epic Games/4.7/Engine/Binaries/Win64/../../../Engine/Shaders/LPVBuildGeometryVolume.usf" 270
"C:/Program Files/Epic Games/4.7/Engine/Binaries/Win64/../../../Engine/Shaders/LPVInject_AccumulateVplLists.usf" 271
"C:/Program Files/Epic Games/4.7/Engine/Binaries/Win64/../../../Engine/Shaders/LPVInject_GenerateVplLists.usf" 272
"C:/Program Files/Epic Games/4.7/Engine/Binaries/Win64/../../../Engine/Shaders/LPVClearLists.usf" 273
"C:/Program Files/Epic Games/4.7/Engine/Binaries/Win64/../../../Engine/Shaders/LPVClear.usf" 274
"C:/Program Files/Epic Games/4.7/Engine/Binaries/Win64/../../../Engine/Shaders/LightMapDensityShader.usf" 275
"C:/Program Files/Epic Games/4.7/Engine/Binaries/Win64/../../../Engine/Shaders/LightFunctionPixelShader.usf" 276
"C:/Program Files/Epic Games/4.7/Engine/Binaries/Win64/../../../Engine/Shaders/LightFunctionVertexShader.usf" 277
"C:/Program Files/Epic Games/4.7/Engine/Binaries/Win64/../../../Engine/Shaders/HdrCustomResolveShaders.usf" 278
"C:/Program Files/Epic Games/4.7/Engine/Binaries/Win64/../../../Engine/Shaders/GPUBenchmark.usf" 279
"C:/Program Files/Epic Games/4.7/Engine/Binaries/Win64/../../../Engine/Shaders/GammaCorrection.usf" 280
"C:/Program Files/Epic Games/4.7/Engine/Binaries/Win64/../../../Engine/Shaders/BasePassForForwardShadingPixelShader.usf" 281
"C:/Program Files/Epic Games/4.7/Engine/Binaries/Win64/../../../Engine/Shaders/BasePassForForwardShadingCommon.usf" 282
"C:/Program Files/Epic Games/4.7/Engine/Binaries/Win64/../../../Engine/Shaders/LightmapCommon.usf" 283
"C:/Program Files/Epic Games/4.7/Engine/Binaries/Win64/../../../Engine/Shaders/BasePassForForwardShadingVertexShader.usf" 284
"C:/Program Files/Epic Games/4.7/Engine/Binaries/Win64/../../../Engine/Shaders/HeightFogCommon.usf" 285
"C:/Program Files/Epic Games/4.7/Engine/Binaries/Win64/../../../Engine/Shaders/HeightFogPixelShader.usf" 286
"C:/Program Files/Epic Games/4.7/Engine/Binaries/Win64/../../../Engine/Shaders/HeightFogVertexShader.usf" 287
"C:/Program Files/Epic Games/4.7/Engine/Binaries/Win64/../../../Engine/Shaders/DistortAccumulatePS.usf" 288
"C:/Program Files/Epic Games/4.7/Engine/Binaries/Win64/../../../Engine/Shaders/DistortAccumulateVS.usf" 289
"C:/Program Files/Epic Games/4.7/Engine/Binaries/Win64/../../../Engine/Shaders/DistortApplyScreenPS.usf" 290
"C:/Program Files/Epic Games/4.7/Engine/Binaries/Win64/../../../Engine/Shaders/DistanceFieldSurfaceCacheLighting.usf" 291
"C:/Program Files/Epic Games/4.7/Engine/Binaries/Win64/../../../Engine/Shaders/DistanceFieldLightingShared.usf" 292
"C:/Program Files/Epic Games/4.7/Engine/Binaries/Win64/../../../Engine/Shaders/DistanceFieldAOShared.usf" 293
"C:/Program Files/Epic Games/4.7/Engine/Binaries/Win64/../../../Engine/Shaders/SkyLighting.usf" 294
"C:/Program Files/Epic Games/4.7/Engine/Binaries/Win64/../../../Engine/Shaders/DistanceFieldSurfaceCacheLightingCompute.usf" 295
"C:/Program Files/Epic Games/4.7/Engine/Binaries/Win64/../../../Engine/Shaders/DistanceFieldShadowing.usf" 296
"C:/Program Files/Epic Games/4.7/Engine/Binaries/Win64/../../../Engine/Shaders/DepthOnlyPixelShader.usf" 297
"C:/Program Files/Epic Games/4.7/Engine/Binaries/Win64/../../../Engine/Shaders/DepthOnlyVertexShader.usf" 298
"C:/Program Files/Epic Games/4.7/Engine/Binaries/Win64/../../../Engine/Shaders/PositionOnlyDepthVertexShader.usf" 299
"C:/Program Files/Epic Games/4.7/Engine/Binaries/Win64/../../../Engine/Shaders/DownsampleDepthPixelShader.usf" 300
"C:/Program Files/Epic Games/4.7/Engine/Binaries/Win64/../../../Engine/Shaders/BasePassPixelShader.usf" 301
"C:/Program Files/Epic Games/4.7/Engine/Binaries/Win64/../../../Engine/Shaders/BasePassCommon.usf" 302
"C:/Program Files/Epic Games/4.7/Engine/Binaries/Win64/../../../Engine/Shaders/BasePassVertexShader.usf" 303
"C:/Program Files/Epic Games/4.7/Engine/Binaries/Win64/../../../Engine/Shaders/BasePassVertexCommon.usf" 304
"C:/Program Files/Epic Games/4.7/Engine/Binaries/Win64/../../../Engine/Shaders/BasePassTessellationShaders.usf" 305
"C:/Program Files/Epic Games/4.7/Engine/Binaries/Win64/../../../Engine/Shaders/AtmospherePrecompute.usf" 306
"C:/Program Files/Epic Games/4.7/Engine/Binaries/Win64/../../../Engine/Shaders/AtmospherePrecomputeCommon.usf" 307
"C:/Program Files/Epic Games/4.7/Engine/Binaries/Win64/../../../Engine/Shaders/AtmospherePrecomputeInscatter.usf" 308
"C:/Program Files/Epic Games/4.7/Engine/Binaries/Win64/../../../Engine/Shaders/AtmosphericFogShader.usf" 309
"C:/Program Files/Epic Games/4.7/Engine/Binaries/Win64/../../../Engine/Shaders/ParticleSortKeyGen.usf" 310
"C:/Program Files/Epic Games/4.7/Engine/Binaries/Win64/../../../Engine/Shaders/ParticleBoundsShader.usf" 311
"C:/Program Files/Epic Games/4.7/Engine/Binaries/Win64/../../../Engine/Shaders/ParticleSimVisualizeShader.usf" 312
"C:/Program Files/Epic Games/4.7/Engine/Binaries/Win64/../../../Engine/Shaders/ParticleInjectionShader.usf" 313
"C:/Program Files/Epic Games/4.7/Engine/Binaries/Win64/../../../Engine/Shaders/ParticleSimulationShader.usf" 314
"C:/Program Files/Epic Games/4.7/Engine/Binaries/Win64/../../../Engine/Shaders/ParticleCurveInjectionShader.usf" 315
"C:/Program Files/Epic Games/4.7/Engine/Binaries/Win64/../../../Engine/Shaders/VectorFieldCompositeShaders.usf" 316
"C:/Program Files/Epic Games/4.7/Engine/Binaries/Win64/../../../Engine/Shaders/UpdateTextureShaders.usf" 317
"C:/Program Files/Epic Games/4.7/Engine/Binaries/Win64/../../../Engine/Shaders/SimpleElementColorChannelMaskPixelShader.usf" 318
"C:/Program Files/Epic Games/4.7/Engine/Binaries/Win64/../../../Engine/Shaders/SimpleElementHitProxyPixelShader.usf" 319
"C:/Program Files/Epic Games/4.7/Engine/Binaries/Win64/../../../Engine/Shaders/SimpleElementPixelShader.usf" 320
"C:/Program Files/Epic Games/4.7/Engine/Binaries/Win64/../../../Engine/Shaders/ColorUtils.usf" 321
"C:/Program Files/Epic Games/4.7/Engine/Binaries/Win64/../../../Engine/Shaders/SimpleElementVertexShader.usf" 322
"C:/Program Files/Epic Games/4.7/Engine/Binaries/Win64/../../../Engine/Shaders/ScreenVertexShader.usf" 323
"C:/Program Files/Epic Games/4.7/Engine/Binaries/Win64/../../../Engine/Shaders/ScreenPixelShader.usf" 324
"C:/Program Files/Epic Games/4.7/Engine/Binaries/Win64/../../../Engine/Shaders/RadixSortShaders.usf" 325
"C:/Program Files/Epic Games/4.7/Engine/Binaries/Win64/../../../Engine/Shaders/GpuSkinCacheComputeShader.usf" 326
"C:/Program Files/Epic Games/4.7/Engine/Binaries/Win64/../../../Engine/Shaders/NullPixelShader.usf" 327
"C:/Program Files/Epic Games/4.7/Engine/Binaries/Win64/../../../Engine/Shaders/ClearReplacementShaders.usf" 328
"C:/Program Files/Epic Games/4.7/Engine/Binaries/Win64/../../../Engine/Shaders/SimpleElementTexture2DPreviewPixelShader.usf" 329
"C:/Program Files/Epic Games/4.7/Engine/Binaries/Win64/../../../Engine/Shaders/SimpleElementNormalMapPixelShader.usf" 330
"C:/Program Files/Epic Games/4.7/Engine/Binaries/Win64/../../../Engine/Shaders/meshpaintdilatepixelshader.usf" 331
"C:/Program Files/Epic Games/4.7/Engine/Binaries/Win64/../../../Engine/Shaders/meshpaintdilatevertexshader.usf" 332
"C:/Program Files/Epic Games/4.7/Engine/Binaries/Win64/../../../Engine/Shaders/MeshPaintPixelShader.usf" 333
"C:/Program Files/Epic Games/4.7/Engine/Binaries/Win64/../../../Engine/Shaders/MeshPaintVertexShader.usf" 334
"../../../Engine/Config/Android/AndroidEngine.ini" 335
"../../../Engine/Config/HTML5/HTML5Engine.ini" 336
"../../../Engine/Config/IOS/IOSEngine.ini" 337
"../../../Engine/Config/Linux/LinuxEngine.ini" 338
"C:/Users/Alexander/AppData/Local/UnrealEngine/4.7/DerivedDataCache/Boot.ddc" 339
"../../../Engine/DerivedDataCache/Compressed.ddp" 340
"../../../Engine/Content/EngineFonts/Roboto.uasset" 341
"../../../Engine/Content/EngineMaterials/Widget3DPassThrough_Translucent.uasset" 342
"../../../Engine/Content/EngineMaterials/Widget3DPassThrough.uasset" 343
"../../../Engine/Content/EngineResources/WhiteSquareTexture.uasset" 344
"../../../Engine/Content/Functions/Engine_MaterialFunctions01/Shading/PowerToRoughness.uasset" 345
"../../../Engine/Content/Functions/Engine_MaterialFunctions01/Shading/ConvertFromDiffSpec.uasset" 346
"../../../Engine/Content/EngineMaterials/WorldGridMaterial.uasset" 347
"../../../Engine/Content/Functions/Engine_MaterialFunctions01/Opacity/CameraDepthFade.uasset" 348
"../../../Engine/Content/EngineMaterials/T_Default_Material_Grid_M.uasset" 349
"../../../Engine/Content/EngineMaterials/T_Default_Material_Grid_N.uasset" 350
"../../../Engine/Content/EngineMaterials/DefaultDeferredDecalMaterial.uasset" 351
"../../../Engine/Content/EngineMaterials/DefaultDiffuse.uasset" 352
"../../../Engine/Content/EngineMaterials/DefaultLightFunctionMaterial.uasset" 353
"../../../Engine/Content/EngineMaterials/DefaultPostProcessMaterial.uasset" 354
"../../../Engine/Content/Functions/Engine_MaterialFunctions02/Utility/BreakOutFloat2Components.uasset" 355
"../../../Engine/Content/EngineResources/DefaultTexture.uasset" 356
"../../../Engine/Content/EngineMaterials/Widget3DPassThrough_Translucent_OneSided.uasset" 357
"../../../Engine/Content/EngineMaterials/Widget3DPassThrough_Opaque.uasset" 358
"../../../Engine/Content/EngineMaterials/Widget3DPassThrough_Opaque_OneSided.uasset" 359
"../../../Engine/Content/EditorResources/S_Actor.uasset" 360
"../../../Engine/Content/EditorLandscapeResources/DataLayer.uasset" 361
"../../../Engine/Content/Maps/Templates/Thumbnails/Default.uasset" 362
"../../../Engine/Content/EditorMaterials/ParticleSystems/PSysThumbnail_NoImage.uasset" 363
"../../../Engine/Content/EditorMaterials/ParticleSystems/PSysThumbnail_OOD.uasset" 364
"../../../Engine/Content/EngineDamageTypes/DmgTypeBP_Environmental.uasset" 365
"../../../Engine/Content/EngineMeshes/Sphere.uasset" 366
"../../../Engine/Content/EngineFonts/RobotoDistanceField.uasset" 367
"../../../Engine/Content/EngineMaterials/DefaultTextMaterialOpaque.uasset" 368
"../../../Engine/Content/EditorResources/S_Trigger.uasset" 369
"../../../Engine/Content/EngineResources/GradientTexture0.uasset" 370
"../../../Engine/Content/EngineResources/Black.uasset" 371
"../../../Engine/Content/EditorMaterials/MatineeGroups/MAT_Groups_Float.uasset" 372
"../../../Engine/Content/EditorMaterials/MatineeGroups/MAT_Groups_Director.uasset" 373
"../../../Engine/Content/EditorMaterials/MatineeGroups/MAT_Groups_Event.uasset" 374
"../../../Engine/Content/EditorMaterials/MatineeGroups/MAT_Groups_Anim.uasset" 375
"../../../Engine/Content/EditorMaterials/MatineeGroups/MAT_Groups_Fade.uasset" 376
"../../../Engine/Content/EditorMaterials/MatineeGroups/MAT_Groups_Move.uasset" 377
"../../../Engine/Content/EditorMaterials/MatineeGroups/MAT_Groups_Slomo.uasset" 378
"../../../Engine/Content/EditorMaterials/MatineeGroups/MAT_ColorTrack.uasset" 379
"../../../Engine/Content/EditorMaterials/MAT_Groups_Toggle.uasset" 380
"../../../Engine/Content/EditorMaterials/MatineeGroups/MAT_Groups_AudioMaster.uasset" 381
"../../../Engine/Content/EditorMaterials/MatineeGroups/MAT_Groups_Sound.uasset" 382
"../../../Engine/Content/EditorMaterials/MatineeGroups/MAT_Groups_Vector.uasset" 383
"../../../Engine/Content/EditorMaterials/MAT_Groups_Visibility.uasset" 384
"../../../Engine/Content/EngineResources/DefaultTextureCube.uasset" 385
"../../../Engine/Content/EngineSounds/Master.uasset" 386
"../../../Engine/Content/EngineSounds/Music.uasset" 387
"../../../Engine/Content/EngineSounds/SFX.uasset" 388
"../../../Engine/Content/EngineSounds/Normal_Attack.uasset" 389
"../../../Engine/Content/EngineSounds/Special_Attack_PSM.uasset" 390
"../../../Engine/Content/EngineSounds/Duck_Normal_Attack_MixMod.uasset" 391
"../../../Engine/Content/EngineSounds/Voice.uasset" 392
"../../../Engine/Content/EngineMeshes/Cylinder.uasset" 393
"../../../Engine/Content/EngineMaterials/DefaultMaterial.uasset" 394
"../../../Engine/Content/EngineTireTypes/DefaultTireType.uasset" 395
"../../../Engine/Content/Editor/Slate/Fonts/FontAwesome.ttf" 396
"../../../Engine/Content/Editor/Slate/Fonts/DroidSansMono.ttf" 397
"../../../Engine/Content/Editor/Slate/Fonts/Roboto-BoldCondensed.ttf" 398
"../../../Engine/Content/Editor/Slate/Fonts/Roboto-Black.ttf" 399
"../../../Engine/Content/Editor/Slate/Fonts/Roboto-Italic.ttf" 400
"../../../Engine/Content/Editor/Slate/Fonts/Roboto-BoldCondensedItalic.ttf" 401
"../../../Engine/Plugins/2D/Paper2D/Content/MaskedUnlitSpriteMaterial.uasset" 402
"../../../Engine/Plugins/2D/Paper2D/Content/DefaultSpriteMaterial.uasset" 403
"../../../Engine/Plugins/2D/Paper2D/Content/DummySpriteTexture.uasset" 404
"../../../Engine/Plugins/2D/Paper2D/Content/OpaqueUnlitSpriteMaterial.uasset" 405
"../../../Engine/Plugins/2D/Paper2D/Content/DefaultPaperTerrainMaterial.uasset" 406
"../../../Engine/Plugins/2D/Paper2D/Content/DummySprite.uasset" 407
"C:/Users/Alexander/AppData/Local/UnrealEngine/4.7/Saved/Config/Windows/SourceControlSettings.ini" 408
"../../../../../../Users/Alexander/Documents/Unreal Projects/UE4_Pong/Intermediate/Config/CoalescedSourceConfigs/SourceControlSettings.ini" 409
"C:/Users/Alexander/Documents/Unreal Projects/UE4_Pong/Saved/Config/Windows/SourceControlSettings.ini" 410
"../../../Engine/Content/EngineMaterials/RemoveSurfaceMaterial.uasset" 411
"../../../Engine/Content/EngineDebugMaterials/DebugMeshMaterial.uasset" 412
"../../../Engine/Content/EngineMaterials/M_InvalidLightmapSettings.uasset" 413
"../../../Engine/Content/EngineMaterials/InvalidLightmapSettings.uasset" 414
"../../../Engine/Content/EditorMaterials/GizmoMaterial.uasset" 415
"../../../Engine/Content/EngineMaterials/Good64x64TilingNoiseHighFreq.uasset" 416
"../../../Engine/Content/EngineMaterials/DefaultBokeh.uasset" 417
"../../../Engine/Content/EngineMaterials/PreintegratedSkinBRDF.uasset" 418
"../../../Engine/Content/EngineMaterials/MiniFont.uasset" 419
"../../../Engine/Content/EngineMaterials/WeightMapPlaceholderTexture.uasset" 420
"../../../Engine/Content/EngineMaterials/DefaultWhiteGrid.uasset" 421
"../../../Engine/Content/EngineMaterials/DefaultPhysicalMaterial.uasset" 422
"../../../Engine/Content/EngineFonts/RobotoTiny.uasset" 423
"../../../../../../Users/Alexander/Documents/Unreal Projects/UE4_Pong/Intermediate/CachedAssetRegistry.bin" 424
"../../../../../../Users/Alexander/Documents/Unreal Projects/UE4_Pong/Content/Blueprints/BP_EnemyPaddle.uasset" 425
"../../../../../../Users/Alexander/Documents/Unreal Projects/UE4_Pong/Content/Levels/P1_Main.umap" 426
"C:/Users/Alexander/AppData/Local/UnrealEngine/Common/DerivedDataCache/6/1/4/CCABD312498B9FF9D42DC095797E3BA8.udd" 427
"C:/Users/Alexander/AppData/Local/UnrealEngine/Common/DerivedDataCache/3/8/7/35C7D27E437A3CE93D0EE8B0DCBAF4BF.udd" 428
"C:/Users/Alexander/AppData/Local/UnrealEngine/Common/DerivedDataCache/6/0/9/67BCFD1443D8532E28F6CE89895EA918.udd" 429
"C:/Users/Alexander/AppData/Local/UnrealEngine/Common/DerivedDataCache/7/2/5/7D9D800B417C3DDC086749AC80F7D571.udd" 430
"C:/Users/Alexander/AppData/Local/UnrealEngine/Common/DerivedDataCache/8/2/1/AF991A43496CAB6D186FBCA503A546FA.udd" 431
"C:/Users/Alexander/AppData/Local/UnrealEngine/Common/DerivedDataCache/8/9/6/F51815C0484DB091CA7E3AA3453E6B8A.udd" 432
"C:/Users/Alexander/AppData/Local/UnrealEngine/Common/DerivedDataCache/2/5/0/36E6F69D4FE6BA597B6158BFF4F74687.udd" 433
"C:/Users/Alexander/AppData/Local/UnrealEngine/Common/DerivedDataCache/8/9/2/3182F6AE464F13E8E2149BA8BFFC4C95.udd" 434
"C:/Users/Alexander/AppData/Local/UnrealEngine/Common/DerivedDataCache/7/0/0/692E53BF4ED77F3951A9029B879F04FB.udd" 435
"C:/Users/Alexander/AppData/Local/UnrealEngine/Common/DerivedDataCache/2/8/6/847E88F24C8BE58A12DA4DAD631D3BFE.udd" 436
"../../../Engine/Content/MobileResources/HUD/VirtualJoystick_Thumb.uasset" 437
"../../../Engine/Content/MobileResources/HUD/VirtualJoystick_Background.uasset" 438
"../../../Engine/Content/MobileResources/HUD/T_Castle_ThumbstickOutter.uasset" 439
"../../../Engine/Content/MobileResources/HUD/T_Castle_ThumbstickInner.uasset" 440
"../../../Engine/Content/MobileResources/HUD/MobileHUDDirectionStick.uasset" 441
"../../../Engine/Content/MobileResources/HUD/MobileHUDDirectionPad3.uasset" 442
"../../../Engine/Content/MobileResources/HUD/MobileHUDDirectionPad2.uasset" 443
"../../../Engine/Content/MobileResources/HUD/MobileHUDDirectionPad.uasset" 444
"../../../Engine/Content/MobileResources/HUD/MobileHUDButtonFire.uasset" 445
"../../../Engine/Content/MobileResources/HUD/MobileHUDButton3.uasset" 446
"../../../Engine/Content/MobileResources/HUD/MobileHUDButton2_on.uasset" 447
"../../../Engine/Content/MobileResources/HUD/MobileHUDButton2_off.uasset" 448
"../../../Engine/Content/MobileResources/HUD/MobileHUDButton1_on.uasset" 449
"../../../Engine/Content/MobileResources/HUD/MobileHUDButton1_off.uasset" 450
"../../../Engine/Content/MobileResources/HUD/LeftVirtualJoystickOnly.uasset" 451
"../../../Engine/Content/MobileResources/HUD/DefaultVirtualJoysticks.uasset" 452
"../../../Engine/Content/MobileResources/HUD/AnalogHat.uasset" 453
"../../../Engine/Content/MobileResources/T_MobileMenu2.uasset" 454
"../../../Engine/Content/MobileResources/T_MobileControls_texture.uasset" 455
"../../../../../../Users/Alexander/Documents/Unreal Projects/UE4_Pong/Content/Blueprints/BP_PongGamemode.uasset" 456
"../../../../../../Users/Alexander/Documents/Unreal Projects/UE4_Pong/Content/Blueprints/BP_Paddle_Pawn_R.uasset" 457
"../../../../../../Users/Alexander/Documents/Unreal Projects/UE4_Pong/Content/StaticMeshes/SM_Paddle.uasset" 458
"../../../../../../Users/Alexander/Documents/Unreal Projects/UE4_Pong/Content/Materials/M_unlitWhite.uasset" 459
"C:/Users/Alexander/AppData/Local/UnrealEngine/Common/DerivedDataCache/2/9/9/STATICMESH_46A8778361B442A9523C54440EA1E9D_2C1BC8F50A7A43818AFE266EB43D9060_63__64EED863B339362923706B1B9318E052EEFC6782.udd" 460
"C:/Users/Alexander/AppData/Local/UnrealEngine/Common/DerivedDataCache/4/1/7/PHYSX_$7B1F0627AE$2DABEB$2D4206$2D8D78$2DE16BEB5DDC7E$7D_PHYSXPC_C52293F34DE79__7AEC10C3ABD37F10DFF375FA3E25E35D3EF472A3.udd" 461
"C:/Users/Alexander/AppData/Local/UnrealEngine/Common/DerivedDataCache/1/2/5/MATSM_85DD00DAF10D45C79D4ED0306AF2628B_PCD3D_SM5_2__BC5N_DEV_SL_NODBUFB17BC21E__3AC34912A81408BC05F57D100C6C098AD395F7D0.udd" 462
"C:/Users/Alexander/AppData/Local/UnrealEngine/Common/DerivedDataCache/7/8/3/MATSM_85DD00DAF10D45C79D4ED0306AF2628B_PCD3D_SM4_2__BC5N_DEV_SL_NODBUFB17BC21E__B8C6DEB3D3EAA6C7E9F900E482801889E5EFB1F8.udd" 463
"../../../Engine/Content/Maps/Entry.umap" 464
"../../../Engine/Content/EngineMaterials/DefaultNormal.uasset" 465
"../../../../../../Users/Alexander/Documents/Unreal Projects/UE4_Pong/Content/Levels/Menu.umap" 466
"../../../../../../Users/Alexander/Documents/Unreal Projects/UE4_Pong/Content/Blueprints/BP_BallMenu.uasset" 467
"../../../../../../Users/Alexander/Documents/Unreal Projects/UE4_Pong/Content/Blueprints/BP_Ball.uasset" 468
"../../../Engine/Content/EditorBlueprintResources/StandardMacros.uasset" 469
"../../../../../../Users/Alexander/Documents/Unreal Projects/UE4_Pong/Content/StaticMeshes/SM_Ball.uasset" 470
"../../../../../../Users/Alexander/Documents/Unreal Projects/UE4_Pong/Content/Blueprints/BP_HorizontalBoundry.uasset" 471
"../../../../../../Users/Alexander/Documents/Unreal Projects/UE4_Pong/Content/StaticMeshes/SM_Boundry.uasset" 472
"../../../../../../Users/Alexander/Documents/Unreal Projects/UE4_Pong/Content/Blueprints/BP_L_Goal.uasset" 473
"../../../../../../Users/Alexander/Documents/Unreal Projects/UE4_Pong/Content/Blueprints/BP_Paddle_L.uasset" 474
"../../../../../../Users/Alexander/Documents/Unreal Projects/UE4_Pong/Content/Blueprints/BP_R_Goal.uasset" 475
"../../../../../../Users/Alexander/Documents/Unreal Projects/UE4_Pong/Content/Audio/S_ballCollision.uasset" 476
"../../../../../../Users/Alexander/Documents/Unreal Projects/UE4_Pong/Content/Audio/S_ballGoal.uasset" 477
"../../../../../../Users/Alexander/Documents/Unreal Projects/UE4_Pong/Content/Blueprints/BP_PongHUD.uasset" 478
"C:/Users/Alexander/AppData/Local/UnrealEngine/Common/DerivedDataCache/9/6/1/STATICMESH_46A8778361B442A9523C54440EA1E9D_2C1BC8F50A7A43818AFE266EB43D9060_E8__0474AA2DA515A1CA2B72FFBC429AB5A54E151DD8.udd" 479
"C:/Users/Alexander/AppData/Local/UnrealEngine/Common/DerivedDataCache/9/5/2/PHYSX_$7B1F0627AE$2DABEB$2D4206$2D8D78$2DE16BEB5DDC7E$7D_PHYSXPC_7CF6F41F41575__A77E49378654A72824F0D39AFDCF38B9BD22F740.udd" 480
"C:/Users/Alexander/AppData/Local/UnrealEngine/Common/DerivedDataCache/5/2/0/STATICMESH_46A8778361B442A9523C54440EA1E9D_2C1BC8F50A7A43818AFE266EB43D9060_1B__FFEFB8C4C5B837448EB250757BA74B490AA563DE.udd" 481
"C:/Users/Alexander/AppData/Local/UnrealEngine/Common/DerivedDataCache/1/4/1/PHYSX_$7B1F0627AE$2DABEB$2D4206$2D8D78$2DE16BEB5DDC7E$7D_PHYSXPC_85C3677E4880D__AC96D6DA3BCE2721B86A617251877E1EB3E15A1A.udd" 482
"C:/Users/Alexander/AppData/Local/UnrealEngine/Common/DerivedDataCache/4/7/2/AUDIO_0002_0000_OGG_0001_3E5A33414E45504F2DA82B8ED37801BB.udd" 483
"C:/Users/Alexander/AppData/Local/UnrealEngine/Common/DerivedDataCache/9/5/8/AUDIO_0002_0000_OGG_0001_BABE7C384916137BD08BBFBC36DA4F48.udd" 484
"../../../../../../Users/Alexander/Documents/Unreal Projects/UE4_Pong/Content/Levels/P2_Main.umap" 485
"../../../../../../Users/Alexander/Documents/Unreal Projects/UE4_Pong/Content/Materials/M_pongText.uasset" 486
"../../../../../../Users/Alexander/Documents/Unreal Projects/UE4_Pong/Content/Materials/M_reference.uasset" 487
"../../../Engine/Content/Functions/Engine_MaterialFunctions02/ObjectLocalBounds.uasset" 488
"../../../Engine/Content/Functions/Engine_MaterialFunctions02/Texturing/CustomRotator.uasset" 489
"../../../Engine/Content/Functions/Engine_MaterialFunctions02/UVs/BoundingBoxBased_0-1_UVW.uasset" 490
"../../../../../../Users/Alexander/Documents/Unreal Projects/UE4_Pong/Content/Textures/4UnrealPong_gameplay.uasset" 491
"C:/Users/Alexander/AppData/Local/UnrealEngine/Common/DerivedDataCache/8/8/8/TEXTURE_75F87CE100B546AAB8A1C4132AF9DB17_BGRA8_B93B74F149C5F4277BC7DBA19C87C5B__F2EE96D9A307F474F80ECDAFFB58E208E0935094.udd" 492
"C:/Users/Alexander/AppData/Local/UnrealEngine/Common/DerivedDataCache/7/7/6/MATSM_85DD00DAF10D45C79D4ED0306AF2628B_PCD3D_SM5_2__BC5N_DEV_SL_NODBUF5E87F0B4__56C768BB631A55D718DA6367987A0F80638062F9.udd" 493
"C:/Users/Alexander/AppData/Local/UnrealEngine/Common/DerivedDataCache/3/8/9/MATSM_85DD00DAF10D45C79D4ED0306AF2628B_PCD3D_SM4_2__BC5N_DEV_SL_NODBUF5E87F0B4__3F47FB81C4F196125F77BC5020B06DD028EA3619.udd" 494
"C:/Users/Alexander/AppData/Local/UnrealEngine/Common/DerivedDataCache/5/0/2/MATSM_85DD00DAF10D45C79D4ED0306AF2628B_PCD3D_SM5_2__BC5N_DEV_SL_NODBUF3A760EC9__A97BD7BD692AE16B65A19CD63BF700F09154E9AA.udd" 495
"C:/Users/Alexander/AppData/Local/UnrealEngine/Common/DerivedDataCache/0/3/5/MATSM_85DD00DAF10D45C79D4ED0306AF2628B_PCD3D_SM4_2__BC5N_DEV_SL_NODBUF3A760EC9__41BF52B6C9D4B20BD39B8819E9A89BEF5BF1CB1C.udd" 496
"C:/Users/Alexander/AppData/Local/UnrealEngine/Common/DerivedDataCache/0/1/1/PHYSX_$7B1F0627AE$2DABEB$2D4206$2D8D78$2DE16BEB5DDC7E$7D_PHYSXPC_A411DF664F856395147596A16AD78750__1_0_13075_0.udd" 497
"C:/Users/Alexander/AppData/Local/UnrealEngine/Common/DerivedDataCache/7/1/2/PHYSX_$7B1F0627AE$2DABEB$2D4206$2D8D78$2DE16BEB5DDC7E$7D_PHYSXPC_6B5E1FD040FC02F21B6E9C885CC96CA2__1_0_13075_0.udd" 498
"C:/Users/Alexander/AppData/Local/UnrealEngine/Common/DerivedDataCache/3/6/3/PHYSX_$7B1F0627AE$2DABEB$2D4206$2D8D78$2DE16BEB5DDC7E$7D_PHYSXPC_5EB156AD4DCDC56895CA3FA3820C53DF__1_0_13075_0.udd" 499
"C:/Users/Alexander/AppData/Local/UnrealEngine/Common/DerivedDataCache/4/5/3/PHYSX_$7B1F0627AE$2DABEB$2D4206$2D8D78$2DE16BEB5DDC7E$7D_PHYSXPC_F904558844610778E88B529ED8F1585E__1_0_13075_0.udd" 500
"C:/Users/Alexander/AppData/Local/UnrealEngine/Common/DerivedDataCache/4/3/7/PHYSX_$7B1F0627AE$2DABEB$2D4206$2D8D78$2DE16BEB5DDC7E$7D_PHYSXPC_909F604E4EC75922E72590AE67069B74__1_0_13075_0.udd" 501
"../../../../../../Users/Alexander/Documents/Unreal Projects/UE4_Pong/Content/Blueprints/BP_PongMenu.uasset" 502
"../../../../../../Users/Alexander/Documents/Unreal Projects/UE4_Pong/Content/M_reference.uasset" 503
"../../../../../../Users/Alexander/Documents/Unreal Projects/UE4_Pong/Content/4UnrealPong_gameplay.uasset" 504
